This is pdfTeX, Version 3.141592653-2.6-1.40.25 (MiKTeX 23.10) (preloaded format=pdflatex 2023.12.14)  15 JUL 2024 18:07
entering extended mode
 restricted \write18 enabled.
 file:line:error style messages enabled.
 %&-line parsing enabled.
**"c:/Users/conor/My Drive/Lightspan Adventures Markdown Pages/main.tex"
(c:/Users/conor/My Drive/Lightspan Adventures Markdown Pages/main.tex
LaTeX2e <2023-06-01> patch level 1
L3 programming layer <2023-08-29>
(C:\Users\conor\AppData\Local\Programs\MiKTeX\tex/latex/base\report.cls
Document Class: report 2023/05/17 v1.4n Standard LaTeX document class
(C:\Users\conor\AppData\Local\Programs\MiKTeX\tex/latex/base\size10.clo
File: size10.clo 2023/05/17 v1.4n Standard LaTeX file (size option)
)
\c@part=\count185
\c@chapter=\count186
\c@section=\count187
\c@subsection=\count188
\c@subsubsection=\count189
\c@paragraph=\count190
\c@subparagraph=\count191
\c@figure=\count192
\c@table=\count193
\abovecaptionskip=\skip48
\belowcaptionskip=\skip49
\bibindent=\dimen140
) (C:\Users\conor\AppData\Local\Programs\MiKTeX\tex/latex/graphics\graphicx.sty
Package: graphicx 2021/09/16 v1.2d Enhanced LaTeX Graphics (DPC,SPQR)
 (C:\Users\conor\AppData\Local\Programs\MiKTeX\tex/latex/graphics\keyval.sty
Package: keyval 2022/05/29 v1.15 key=value parser (DPC)
\KV@toks@=\toks17
) (C:\Users\conor\AppData\Local\Programs\MiKTeX\tex/latex/graphics\graphics.sty
Package: graphics 2022/03/10 v1.4e Standard LaTeX Graphics (DPC,SPQR)
 (C:\Users\conor\AppData\Local\Programs\MiKTeX\tex/latex/graphics\trig.sty
Package: trig 2021/08/11 v1.11 sin cos tan (DPC)
) (C:\Users\conor\AppData\Local\Programs\MiKTeX\tex/latex/graphics-cfg\graphics.cfg
File: graphics.cfg 2016/06/04 v1.11 sample graphics configuration
)
Package graphics Info: Driver file: pdftex.def on input line 107.
 (C:\Users\conor\AppData\Local\Programs\MiKTeX\tex/latex/graphics-def\pdftex.def
File: pdftex.def 2022/09/22 v1.2b Graphics/color driver for pdftex
))
\Gin@req@height=\dimen141
\Gin@req@width=\dimen142
) (C:\Users\conor\AppData\Local\Programs\MiKTeX\tex/latex/epstopdf-pkg\epstopdf.sty
Package: epstopdf 2020-01-24 v2.11 Conversion with epstopdf on the fly (HO)
 (C:\Users\conor\AppData\Local\Programs\MiKTeX\tex/generic/infwarerr\infwarerr.sty
Package: infwarerr 2019/12/03 v1.5 Providing info/warning/error messages (HO)
) (C:\Users\conor\AppData\Local\Programs\MiKTeX\tex/latex/grfext\grfext.sty
Package: grfext 2019/12/03 v1.3 Manage graphics extensions (HO)
 (C:\Users\conor\AppData\Local\Programs\MiKTeX\tex/generic/kvdefinekeys\kvdefinekeys.sty
Package: kvdefinekeys 2019-12-19 v1.6 Define keys (HO)
)) (C:\Users\conor\AppData\Local\Programs\MiKTeX\tex/latex/kvoptions\kvoptions.sty
Package: kvoptions 2022-06-15 v3.15 Key value format for package options (HO)
 (C:\Users\conor\AppData\Local\Programs\MiKTeX\tex/generic/ltxcmds\ltxcmds.sty
Package: ltxcmds 2023-12-04 v1.26 LaTeX kernel commands for general use (HO)
) (C:\Users\conor\AppData\Local\Programs\MiKTeX\tex/latex/kvsetkeys\kvsetkeys.sty
Package: kvsetkeys 2022-10-05 v1.19 Key value parser (HO)
)) (C:\Users\conor\AppData\Local\Programs\MiKTeX\tex/generic/pdftexcmds\pdftexcmds.sty
Package: pdftexcmds 2020-06-27 v0.33 Utility functions of pdfTeX for LuaTeX (HO)
 (C:\Users\conor\AppData\Local\Programs\MiKTeX\tex/generic/iftex\iftex.sty
Package: iftex 2022/02/03 v1.0f TeX engine tests
)
Package pdftexcmds Info: \pdf@primitive is available.
Package pdftexcmds Info: \pdf@ifprimitive is available.
Package pdftexcmds Info: \pdfdraftmode found.
) (C:\Users\conor\AppData\Local\Programs\MiKTeX\tex/latex/epstopdf-pkg\epstopdf-base.sty
Package: epstopdf-base 2020-01-24 v2.11 Base part for package epstopdf
Package epstopdf-base Info: Redefining graphics rule for `.eps' on input line 485.
Package grfext Info: Graphics extension search list:
(grfext)             [.pdf,.png,.jpg,.mps,.jpeg,.jbig2,.jb2,.PDF,.PNG,.JPG,.JPEG,.JBIG2,.JB2,.eps]
(grfext)             \AppendGraphicsExtensions on input line 504.
 (C:\Users\conor\AppData\Local\Programs\MiKTeX\tex/latex/00miktex\epstopdf-sys.cfg
File: epstopdf-sys.cfg 2021/03/18 v2.0 Configuration of epstopdf for MiKTeX
))) (C:\Users\conor\AppData\Local\Programs\MiKTeX\tex/latex/geometry\geometry.sty
Package: geometry 2020/01/02 v5.9 Page Geometry
 (C:\Users\conor\AppData\Local\Programs\MiKTeX\tex/generic/iftex\ifvtex.sty
Package: ifvtex 2019/10/25 v1.7 ifvtex legacy package. Use iftex instead.
)
\Gm@cnth=\count194
\Gm@cntv=\count195
\c@Gm@tempcnt=\count196
\Gm@bindingoffset=\dimen143
\Gm@wd@mp=\dimen144
\Gm@odd@mp=\dimen145
\Gm@even@mp=\dimen146
\Gm@layoutwidth=\dimen147
\Gm@layoutheight=\dimen148
\Gm@layouthoffset=\dimen149
\Gm@layoutvoffset=\dimen150
\Gm@dimlist=\toks18
 (C:\Users\conor\AppData\Local\Programs\MiKTeX\tex/latex/geometry\geometry.cfg)) (C:\Users\conor\AppData\Local\Programs\MiKTeX\tex/latex/caption\subcaption.sty
Package: subcaption 2023/07/28 v1.6b Sub-captions (AR)
 (C:\Users\conor\AppData\Local\Programs\MiKTeX\tex/latex/caption\caption.sty
Package: caption 2023/08/05 v3.6o Customizing captions (AR)
 (C:\Users\conor\AppData\Local\Programs\MiKTeX\tex/latex/caption\caption3.sty
Package: caption3 2023/07/31 v2.4d caption3 kernel (AR)
\caption@tempdima=\dimen151
\captionmargin=\dimen152
\caption@leftmargin=\dimen153
\caption@rightmargin=\dimen154
\caption@width=\dimen155
\caption@indent=\dimen156
\caption@parindent=\dimen157
\caption@hangindent=\dimen158
Package caption Info: Standard document class detected.
)
\c@caption@flags=\count197
\c@continuedfloat=\count198
)
Package caption Info: New subtype `subfigure' on input line 238.
\c@subfigure=\count199
Package caption Info: New subtype `subtable' on input line 238.
\c@subtable=\count266
)

LaTeX Warning: \include should only be used after \begin{document} on input line 6.

(settings.tex (C:\Users\conor\AppData\Local\Programs\MiKTeX\tex/latex/base\inputenc.sty
Package: inputenc 2021/02/14 v1.3d Input encoding file
\inpenc@prehook=\toks19
\inpenc@posthook=\toks20
) (C:\Users\conor\AppData\Local\Programs\MiKTeX\tex/latex/listings\listings.sty
\lst@mode=\count267
\lst@gtempboxa=\box51
\lst@token=\toks21
\lst@length=\count268
\lst@currlwidth=\dimen159
\lst@column=\count269
\lst@pos=\count270
\lst@lostspace=\dimen160
\lst@width=\dimen161
\lst@newlines=\count271
\lst@lineno=\count272
\lst@maxwidth=\dimen162
 (C:\Users\conor\AppData\Local\Programs\MiKTeX\tex/latex/listings\lstmisc.sty
File: lstmisc.sty 2023/02/27 1.9 (Carsten Heinz)
\c@lstnumber=\count273
\lst@skipnumbers=\count274
\lst@framebox=\box52
) (C:\Users\conor\AppData\Local\Programs\MiKTeX\tex/latex/listings\listings.cfg
File: listings.cfg 2023/02/27 1.9 listings configuration
))
Package: listings 2023/02/27 1.9 (Carsten Heinz)
 (C:\Users\conor\AppData\Local\Programs\MiKTeX\tex/latex/fancybox\fancybox.sty
Package: fancybox 2010/05/15 1.4

Style option: `fancybox' v1.4 <2010/05/15> (tvz)
\@fancybox=\box53
\shadowsize=\dimen163
\@Sbox=\box54
\do@VerbBox=\toks22
\the@fancyput=\toks23
\this@fancyput=\toks24
\EndVerbatimTokens=\toks25
\Verbatim@Outfile=\write3
\Verbatim@Infile=\read2
) (C:\Users\conor\AppData\Local\Programs\MiKTeX\tex/latex/parskip\parskip.sty
Package: parskip 2021-03-14 v2.0h non-zero parskip adjustments
 (C:\Users\conor\AppData\Local\Programs\MiKTeX\tex/latex/etoolbox\etoolbox.sty
Package: etoolbox 2020/10/05 v2.5k e-TeX tools for LaTeX (JAW)
\etb@tempcnta=\count275
)) (C:\Users\conor\AppData\Local\Programs\MiKTeX\tex/latex/mathtools\mathtools.sty
Package: mathtools 2022/06/29 v1.29 mathematical typesetting tools
 (C:\Users\conor\AppData\Local\Programs\MiKTeX\tex/latex/tools\calc.sty
Package: calc 2017/05/25 v4.3 Infix arithmetic (KKT,FJ)
\calc@Acount=\count276
\calc@Bcount=\count277
\calc@Adimen=\dimen164
\calc@Bdimen=\dimen165
\calc@Askip=\skip50
\calc@Bskip=\skip51
LaTeX Info: Redefining \setlength on input line 80.
LaTeX Info: Redefining \addtolength on input line 81.
\calc@Ccount=\count278
\calc@Cskip=\skip52
) (C:\Users\conor\AppData\Local\Programs\MiKTeX\tex/latex/mathtools\mhsetup.sty
Package: mhsetup 2021/03/18 v1.4 programming setup (MH)
) (C:\Users\conor\AppData\Local\Programs\MiKTeX\tex/latex/amsmath\amsmath.sty
Package: amsmath 2023/05/13 v2.17o AMS math features
\@mathmargin=\skip53

For additional information on amsmath, use the `?' option.
(C:\Users\conor\AppData\Local\Programs\MiKTeX\tex/latex/amsmath\amstext.sty
Package: amstext 2021/08/26 v2.01 AMS text
 (C:\Users\conor\AppData\Local\Programs\MiKTeX\tex/latex/amsmath\amsgen.sty
File: amsgen.sty 1999/11/30 v2.0 generic functions
\@emptytoks=\toks26
\ex@=\dimen166
)) (C:\Users\conor\AppData\Local\Programs\MiKTeX\tex/latex/amsmath\amsbsy.sty
Package: amsbsy 1999/11/29 v1.2d Bold Symbols
\pmbraise@=\dimen167
) (C:\Users\conor\AppData\Local\Programs\MiKTeX\tex/latex/amsmath\amsopn.sty
Package: amsopn 2022/04/08 v2.04 operator names
)
\inf@bad=\count279
LaTeX Info: Redefining \frac on input line 234.
\uproot@=\count280
\leftroot@=\count281
LaTeX Info: Redefining \overline on input line 399.
LaTeX Info: Redefining \colon on input line 410.
\classnum@=\count282
\DOTSCASE@=\count283
LaTeX Info: Redefining \ldots on input line 496.
LaTeX Info: Redefining \dots on input line 499.
LaTeX Info: Redefining \cdots on input line 620.
\Mathstrutbox@=\box55
\strutbox@=\box56
LaTeX Info: Redefining \big on input line 722.
LaTeX Info: Redefining \Big on input line 723.
LaTeX Info: Redefining \bigg on input line 724.
LaTeX Info: Redefining \Bigg on input line 725.
\big@size=\dimen168
LaTeX Font Info:    Redeclaring font encoding OML on input line 743.
LaTeX Font Info:    Redeclaring font encoding OMS on input line 744.
\macc@depth=\count284
LaTeX Info: Redefining \bmod on input line 905.
LaTeX Info: Redefining \pmod on input line 910.
LaTeX Info: Redefining \smash on input line 940.
LaTeX Info: Redefining \relbar on input line 970.
LaTeX Info: Redefining \Relbar on input line 971.
\c@MaxMatrixCols=\count285
\dotsspace@=\muskip16
\c@parentequation=\count286
\dspbrk@lvl=\count287
\tag@help=\toks27
\row@=\count288
\column@=\count289
\maxfields@=\count290
\andhelp@=\toks28
\eqnshift@=\dimen169
\alignsep@=\dimen170
\tagshift@=\dimen171
\tagwidth@=\dimen172
\totwidth@=\dimen173
\lineht@=\dimen174
\@envbody=\toks29
\multlinegap=\skip54
\multlinetaggap=\skip55
\mathdisplay@stack=\toks30
LaTeX Info: Redefining \[ on input line 2953.
LaTeX Info: Redefining \] on input line 2954.
)
\g_MT_multlinerow_int=\count291
\l_MT_multwidth_dim=\dimen175
\origjot=\skip56
\l_MT_shortvdotswithinadjustabove_dim=\dimen176
\l_MT_shortvdotswithinadjustbelow_dim=\dimen177
\l_MT_above_intertext_sep=\dimen178
\l_MT_below_intertext_sep=\dimen179
\l_MT_above_shortintertext_sep=\dimen180
\l_MT_below_shortintertext_sep=\dimen181
\xmathstrut@box=\box57
\xmathstrut@dim=\dimen182
) (C:\Users\conor\AppData\Local\Programs\MiKTeX\tex/latex/hyperref\hyperref.sty
Package: hyperref 2023-07-08 v7.01b Hypertext links for LaTeX
 (C:\Users\conor\AppData\Local\Programs\MiKTeX\tex/generic/pdfescape\pdfescape.sty
Package: pdfescape 2019/12/09 v1.15 Implements pdfTeX's escape features (HO)
) (C:\Users\conor\AppData\Local\Programs\MiKTeX\tex/latex/hycolor\hycolor.sty
Package: hycolor 2020-01-27 v1.10 Color options for hyperref/bookmark (HO)
) (C:\Users\conor\AppData\Local\Programs\MiKTeX\tex/latex/letltxmacro\letltxmacro.sty
Package: letltxmacro 2019/12/03 v1.6 Let assignment for LaTeX macros (HO)
) (C:\Users\conor\AppData\Local\Programs\MiKTeX\tex/latex/auxhook\auxhook.sty
Package: auxhook 2019-12-17 v1.6 Hooks for auxiliary files (HO)
) (C:\Users\conor\AppData\Local\Programs\MiKTeX\tex/latex/hyperref\nameref.sty
Package: nameref 2023-08-07 v2.53 Cross-referencing by name of section
 (C:\Users\conor\AppData\Local\Programs\MiKTeX\tex/latex/refcount\refcount.sty
Package: refcount 2019/12/15 v3.6 Data extraction from label references (HO)
) (C:\Users\conor\AppData\Local\Programs\MiKTeX\tex/generic/gettitlestring\gettitlestring.sty
Package: gettitlestring 2019/12/15 v1.6 Cleanup title references (HO)
)
\c@section@level=\count292
)
\@linkdim=\dimen183
\Hy@linkcounter=\count293
\Hy@pagecounter=\count294
 (C:\Users\conor\AppData\Local\Programs\MiKTeX\tex/latex/hyperref\pd1enc.def
File: pd1enc.def 2023-07-08 v7.01b Hyperref: PDFDocEncoding definition (HO)
Now handling font encoding PD1 ...
... no UTF-8 mapping file for font encoding PD1
) (C:\Users\conor\AppData\Local\Programs\MiKTeX\tex/generic/intcalc\intcalc.sty
Package: intcalc 2019/12/15 v1.3 Expandable calculations with integers (HO)
)
\Hy@SavedSpaceFactor=\count295
 (C:\Users\conor\AppData\Local\Programs\MiKTeX\tex/latex/hyperref\puenc.def
File: puenc.def 2023-07-08 v7.01b Hyperref: PDF Unicode definition (HO)
Now handling font encoding PU ...
... no UTF-8 mapping file for font encoding PU
)
Package hyperref Info: Hyper figures OFF on input line 4167.
Package hyperref Info: Link nesting OFF on input line 4172.
Package hyperref Info: Hyper index ON on input line 4175.
Package hyperref Info: Plain pages OFF on input line 4182.
Package hyperref Info: Backreferencing OFF on input line 4187.
Package hyperref Info: Implicit mode ON; LaTeX internals redefined.
Package hyperref Info: Bookmarks ON on input line 4434.
\c@Hy@tempcnt=\count296
 (C:\Users\conor\AppData\Local\Programs\MiKTeX\tex/latex/url\url.sty
\Urlmuskip=\muskip17
Package: url 2013/09/16  ver 3.4  Verb mode for urls, etc.
)
LaTeX Info: Redefining \url on input line 4772.
\XeTeXLinkMargin=\dimen184
 (C:\Users\conor\AppData\Local\Programs\MiKTeX\tex/generic/bitset\bitset.sty
Package: bitset 2019/12/09 v1.3 Handle bit-vector datatype (HO)
 (C:\Users\conor\AppData\Local\Programs\MiKTeX\tex/generic/bigintcalc\bigintcalc.sty
Package: bigintcalc 2019/12/15 v1.5 Expandable calculations on big integers (HO)
))
\Fld@menulength=\count297
\Field@Width=\dimen185
\Fld@charsize=\dimen186
Package hyperref Info: Hyper figures OFF on input line 6051.
Package hyperref Info: Link nesting OFF on input line 6056.
Package hyperref Info: Hyper index ON on input line 6059.
Package hyperref Info: backreferencing OFF on input line 6066.
Package hyperref Info: Link coloring OFF on input line 6071.
Package hyperref Info: Link coloring with OCG OFF on input line 6076.
Package hyperref Info: PDF/A mode OFF on input line 6081.
 (C:\Users\conor\AppData\Local\Programs\MiKTeX\tex/latex/base\atbegshi-ltx.sty
Package: atbegshi-ltx 2021/01/10 v1.0c Emulation of the original atbegshi
package with kernel methods
)
\Hy@abspage=\count298
\c@Item=\count299
\c@Hfootnote=\count300
)
Package hyperref Info: Driver (autodetected): hpdftex.
 (C:\Users\conor\AppData\Local\Programs\MiKTeX\tex/latex/hyperref\hpdftex.def
File: hpdftex.def 2023-07-08 v7.01b Hyperref driver for pdfTeX
 (C:\Users\conor\AppData\Local\Programs\MiKTeX\tex/latex/base\atveryend-ltx.sty
Package: atveryend-ltx 2020/08/19 v1.0a Emulation of the original atveryend package
with kernel methods
)
\Fld@listcount=\count301
\c@bookmark@seq@number=\count302
 (C:\Users\conor\AppData\Local\Programs\MiKTeX\tex/latex/rerunfilecheck\rerunfilecheck.sty
Package: rerunfilecheck 2022-07-10 v1.10 Rerun checks for auxiliary files (HO)
 (C:\Users\conor\AppData\Local\Programs\MiKTeX\tex/generic/uniquecounter\uniquecounter.sty
Package: uniquecounter 2019/12/15 v1.4 Provide unlimited unique counter (HO)
)
Package uniquecounter Info: New unique counter `rerunfilecheck' on input line 285.
)
\Hy@SectionHShift=\skip57
) (C:\Users\conor\AppData\Local\Programs\MiKTeX\tex/latex/marvosym\marvosym.sty
Package: marvosym 2011/07/20 v2.2 Martin Vogel's Symbols font definitions
) (C:\Users\conor\AppData\Local\Programs\MiKTeX\tex/latex/enumitem\enumitem.sty
Package: enumitem 2019/06/20 v3.9 Customized lists
\labelindent=\skip58
\enit@outerparindent=\dimen187
\enit@toks=\toks31
\enit@inbox=\box58
\enit@count@id=\count303
\enitdp@description=\count304
) (C:\Users\conor\AppData\Local\Programs\MiKTeX\tex/latex/float\float.sty
Package: float 2001/11/08 v1.3d Float enhancements (AL)
\c@float@type=\count305
\float@exts=\toks32
\float@box=\box59
\@float@everytoks=\toks33
\@floatcapt=\box60
) (C:\Users\conor\AppData\Local\Programs\MiKTeX\tex/latex/algorithmicx\algpseudocode.sty
Package: algpseudocode 
 (C:\Users\conor\AppData\Local\Programs\MiKTeX\tex/latex/base\ifthen.sty
Package: ifthen 2022/04/13 v1.1d Standard LaTeX ifthen package (DPC)
) (C:\Users\conor\AppData\Local\Programs\MiKTeX\tex/latex/algorithmicx\algorithmicx.sty
Package: algorithmicx 2005/04/27 v1.2 Algorithmicx

Document Style algorithmicx 1.2 - a greatly improved `algorithmic' style
\c@ALG@line=\count306
\c@ALG@rem=\count307
\c@ALG@nested=\count308
\ALG@tlm=\skip59
\ALG@thistlm=\skip60
\c@ALG@Lnr=\count309
\c@ALG@blocknr=\count310
\c@ALG@storecount=\count311
\c@ALG@tmpcounter=\count312
\ALG@tmplength=\skip61
)
Document Style - pseudocode environments for use with the `algorithmicx' style
) (C:\Users\conor\AppData\Local\Programs\MiKTeX\tex/latex/algorithms\algorithm.sty
Package: algorithm 2009/08/24 v0.1 Document Style `algorithm' - floating environment
\@float@every@algorithm=\toks34
\c@algorithm=\count313
) (C:\Users\conor\AppData\Local\Programs\MiKTeX\tex/latex/comment\comment.sty
\CommentStream=\write4
 Excluding comment 'comment') (C:\Users\conor\AppData\Local\Programs\MiKTeX\tex/latex/tools\longtable.sty
Package: longtable 2021-09-01 v4.17 Multi-page Table package (DPC)
\LTleft=\skip62
\LTright=\skip63
\LTpre=\skip64
\LTpost=\skip65
\LTchunksize=\count314
\LTcapwidth=\dimen188
\LT@head=\box61
\LT@firsthead=\box62
\LT@foot=\box63
\LT@lastfoot=\box64
\LT@gbox=\box65
\LT@cols=\count315
\LT@rows=\count316
\c@LT@tables=\count317
\c@LT@chunks=\count318
\LT@p@ftn=\toks35
) (C:\Users\conor\AppData\Local\Programs\MiKTeX\tex/latex/pdflscape\pdflscape.sty
Package: pdflscape 2022-10-27 v0.13 Display of landscape pages in PDF
 (C:\Users\conor\AppData\Local\Programs\MiKTeX\tex/latex/pdflscape\pdflscape-nometadata.sty
Package: pdflscape-nometadata 2022-10-28 v0.13 Display of landscape pages in PDF (HO)
 (C:\Users\conor\AppData\Local\Programs\MiKTeX\tex/latex/graphics\lscape.sty
Package: lscape 2020/05/28 v3.02 Landscape Pages (DPC)
)
Package pdflscape Info: Auto-detected driver: pdftex on input line 81.
)) (C:\Users\conor\AppData\Local\Programs\MiKTeX\tex/latex/fancyhdr\fancyhdr.sty
Package: fancyhdr 2022/11/09 v4.1 Extensive control of page headers and footers
\f@nch@headwidth=\skip66
\f@nch@O@elh=\skip67
\f@nch@O@erh=\skip68
\f@nch@O@olh=\skip69
\f@nch@O@orh=\skip70
\f@nch@O@elf=\skip71
\f@nch@O@erf=\skip72
\f@nch@O@olf=\skip73
\f@nch@O@orf=\skip74
) (C:\Users\conor\AppData\Local\Programs\MiKTeX\tex/latex/xcolor\xcolor.sty
Package: xcolor 2022/06/12 v2.14 LaTeX color extensions (UK)
 (C:\Users\conor\AppData\Local\Programs\MiKTeX\tex/latex/graphics-cfg\color.cfg
File: color.cfg 2016/01/02 v1.6 sample color configuration
)
Package xcolor Info: Driver file: pdftex.def on input line 227.
 (C:\Users\conor\AppData\Local\Programs\MiKTeX\tex/latex/graphics\mathcolor.ltx)
Package xcolor Info: Model `cmy' substituted by `cmy0' on input line 1353.
Package xcolor Info: Model `hsb' substituted by `rgb' on input line 1357.
Package xcolor Info: Model `RGB' extended on input line 1369.
Package xcolor Info: Model `HTML' substituted by `rgb' on input line 1371.
Package xcolor Info: Model `Hsb' substituted by `hsb' on input line 1372.
Package xcolor Info: Model `tHsb' substituted by `hsb' on input line 1373.
Package xcolor Info: Model `HSB' substituted by `hsb' on input line 1374.
Package xcolor Info: Model `Gray' substituted by `gray' on input line 1375.
Package xcolor Info: Model `wave' substituted by `hsb' on input line 1376.
)) (C:\Users\conor\AppData\Local\Programs\MiKTeX\tex/latex/l3backend\l3backend-pdftex.def
File: l3backend-pdftex.def 2023-04-19 L3 backend support: PDF output (pdfTeX)
\l__color_backend_stack_int=\count319
\l__pdf_internal_box=\box66
) (main.aux)
\openout1 = `main.aux'.

LaTeX Font Info:    Checking defaults for OML/cmm/m/it on input line 10.
LaTeX Font Info:    ... okay on input line 10.
LaTeX Font Info:    Checking defaults for OMS/cmsy/m/n on input line 10.
LaTeX Font Info:    ... okay on input line 10.
LaTeX Font Info:    Checking defaults for OT1/cmr/m/n on input line 10.
LaTeX Font Info:    ... okay on input line 10.
LaTeX Font Info:    Checking defaults for T1/cmr/m/n on input line 10.
LaTeX Font Info:    ... okay on input line 10.
LaTeX Font Info:    Checking defaults for TS1/cmr/m/n on input line 10.
LaTeX Font Info:    ... okay on input line 10.
LaTeX Font Info:    Checking defaults for OMX/cmex/m/n on input line 10.
LaTeX Font Info:    ... okay on input line 10.
LaTeX Font Info:    Checking defaults for U/cmr/m/n on input line 10.
LaTeX Font Info:    ... okay on input line 10.
LaTeX Font Info:    Checking defaults for PD1/pdf/m/n on input line 10.
LaTeX Font Info:    ... okay on input line 10.
LaTeX Font Info:    Checking defaults for PU/pdf/m/n on input line 10.
LaTeX Font Info:    ... okay on input line 10.
 (C:\Users\conor\AppData\Local\Programs\MiKTeX\tex/context/base/mkii\supp-pdf.mkii
[Loading MPS to PDF converter (version 2006.09.02).]
\scratchcounter=\count320
\scratchdimen=\dimen189
\scratchbox=\box67
\nofMPsegments=\count321
\nofMParguments=\count322
\everyMPshowfont=\toks36
\MPscratchCnt=\count323
\MPscratchDim=\dimen190
\MPnumerator=\count324
\makeMPintoPDFobject=\count325
\everyMPtoPDFconversion=\toks37
)
*geometry* driver: auto-detecting
*geometry* detected driver: pdftex
*geometry* verbose mode - [ preamble ] result:
* driver: pdftex
* paper: <default>
* layout: <same size as paper>
* layoutoffset:(h,v)=(0.0pt,0.0pt)
* modes: 
* h-part:(L,W,R)=(92.14519pt, 430.00462pt, 92.14519pt)
* v-part:(T,H,B)=(95.39737pt, 556.47656pt, 143.09605pt)
* \paperwidth=614.295pt
* \paperheight=794.96999pt
* \textwidth=430.00462pt
* \textheight=556.47656pt
* \oddsidemargin=19.8752pt
* \evensidemargin=19.8752pt
* \topmargin=-13.87262pt
* \headheight=12.0pt
* \headsep=25.0pt
* \topskip=10.0pt
* \footskip=30.0pt
* \marginparwidth=65.0pt
* \marginparsep=11.0pt
* \columnsep=10.0pt
* \skip\footins=9.0pt plus 4.0pt minus 2.0pt
* \hoffset=0.0pt
* \voffset=0.0pt
* \mag=1000
* \@twocolumnfalse
* \@twosidefalse
* \@mparswitchfalse
* \@reversemarginfalse
* (1in=72.27pt=25.4mm, 1cm=28.453pt)

Package caption Info: Begin \AtBeginDocument code.
Package caption Info: float package is loaded.
Package caption Info: hyperref package is loaded.
Package caption Info: listings package is loaded.
Package caption Info: longtable package is loaded.
(C:\Users\conor\AppData\Local\Programs\MiKTeX\tex/latex/caption\ltcaption.sty
Package: ltcaption 2021/01/08 v1.4c longtable captions (AR)
)
Package caption Info: End \AtBeginDocument code.
\c@lstlisting=\count326
Package hyperref Info: Link coloring OFF on input line 10.
\@outlinefile=\write5
\openout5 = `main.out'.



Package fancyhdr Warning: \fancyhead's `E' option without twoside option is useless.
(fancyhdr)                Please consider using the `twoside' option on input line 13.


Package fancyhdr Warning: \fancyhead's `E' option without twoside option is useless.
(fancyhdr)                Please consider using the `twoside' option on input line 14.


LaTeX Warning: No \author given.

[1

{C:/Users/conor/AppData/Local/MiKTeX/fonts/map/pdftex/pdftex.map}]
No file main.toc.
\tf@toc=\write6
\openout6 = `main.toc'.


pdfTeX warning (ext4): destination with the same identifier (name{page.1}) has been already used, duplicate ignored
<to be read again> 
                   \relax 
l.21 \include{Games/Games}
                           [1

]
\openout2 = `Games/Games.aux'.

 (Games/Games.tex
Chapter 1.
) [2


]
\openout2 = `Games/16Tales/Pages/16TalesMain.aux'.

 (Games/16Tales/Pages/16TalesMain.tex
Chapter 2.
<./Games/16Tales/Images/16TalesGeneralLogo.png, id=21, 680.5425pt x 652.4375pt>
File: ./Games/16Tales/Images/16TalesGeneralLogo.png Graphic file (type png)
<use ./Games/16Tales/Images/16TalesGeneralLogo.png>
Package pdftex.def Info: ./Games/16Tales/Images/16TalesGeneralLogo.png  used on input line 5.
(pdftex.def)             Requested size: 215.0023pt x 206.11621pt.
[3




 <./Games/16Tales/Images/16TalesGeneralLogo.png>]) [4]
\openout2 = `Games/16Tales/Pages/16Tales1.aux'.

 (Games/16Tales/Pages/16Tales1.tex
Chapter 3.
<./Games/16Tales/Images/16Tales1Screenshot.png, id=37, 321.2pt x 240.9pt>
File: ./Games/16Tales/Images/16Tales1Screenshot.png Graphic file (type png)
<use ./Games/16Tales/Images/16Tales1Screenshot.png>
Package pdftex.def Info: ./Games/16Tales/Images/16Tales1Screenshot.png  used on input line 5.
(pdftex.def)             Requested size: 215.0023pt x 161.25511pt.
[5




 <./Games/16Tales/Images/16Tales1Screenshot.png (PNG copy)>] [6

] [7] [8] [9] [10] [11] [12] [13] [14] [15] [16]) [17]
\openout2 = `Games/16Tales/Pages/16Tales2.aux'.

 (Games/16Tales/Pages/16Tales2.tex
Chapter 4.
<./Games/16Tales/Images/16Tales2Screenshot.png, id=110, 642.4pt x 481.8pt>
File: ./Games/16Tales/Images/16Tales2Screenshot.png Graphic file (type png)
<use ./Games/16Tales/Images/16Tales2Screenshot.png>
Package pdftex.def Info: ./Games/16Tales/Images/16Tales2Screenshot.png  used on input line 5.
(pdftex.def)             Requested size: 215.0023pt x 161.25145pt.
[18




 <./Games/16Tales/Images/16Tales2Screenshot.png (PNG copy)>] [19

] [20] [21] [22] [23] [24] [25] [26] [27] [28] [29]) [30]
\openout2 = `Games/16Tales/Pages/16Tales3.aux'.

 (Games/16Tales/Pages/16Tales3.tex
Chapter 5.
<./Games/16Tales/Images/16Tales3Screenshot.png, id=184, 1445.4pt x 1084.05pt>
File: ./Games/16Tales/Images/16Tales3Screenshot.png Graphic file (type png)
<use ./Games/16Tales/Images/16Tales3Screenshot.png>
Package pdftex.def Info: ./Games/16Tales/Images/16Tales3Screenshot.png  used on input line 5.
(pdftex.def)             Requested size: 215.0023pt x 161.2441pt.
[31




 <./Games/16Tales/Images/16Tales3Screenshot.png>] [32

] [33] [34] [35] [36] [37] [38] [39] [40] [41] [42] [43] [44] [45]) [46]
\openout2 = `Games/16Tales/Pages/16Tales4.aux'.

 (Games/16Tales/Pages/16Tales4.tex
Chapter 6.
<./Games/16Tales/Images/16Tales4Screenshot.png, id=270, 1445.4pt x 1084.05pt>
File: ./Games/16Tales/Images/16Tales4Screenshot.png Graphic file (type png)
<use ./Games/16Tales/Images/16Tales4Screenshot.png>
Package pdftex.def Info: ./Games/16Tales/Images/16Tales4Screenshot.png  used on input line 5.
(pdftex.def)             Requested size: 215.0023pt x 161.2441pt.
[47




 <./Games/16Tales/Images/16Tales4Screenshot.png>] [48

] [49] [50] [51] [52] [53] [54] [55] [56] [57] [58] [59]) [60]
\openout2 = `Games/Calamity/Pages/CalamityMain.aux'.

 (Games/Calamity/Pages/CalamityMain.tex
Chapter 7.
) [61




]
\openout2 = `Games/Calamity/Pages/Calamity1TheNaturalWorld.aux'.

 (Games/Calamity/Pages/Calamity1TheNaturalWorld.tex
Chapter 8.
) [62




]
\openout2 = `Games/Calamity/Pages/Calamity2PeopleAndTraditions.aux'.

 (Games/Calamity/Pages/Calamity2PeopleAndTraditions.tex
Chapter 9.
) [63




]
\openout2 = `Games/Calamity/Pages/Calamity3AroundTheWorld.aux'.

 (Games/Calamity/Pages/Calamity3AroundTheWorld.tex
Chapter 10.
) [64




]
\openout2 = `Games/CalisGeoTools/Pages/CalisGeoTools.aux'.

 (Games/CalisGeoTools/Pages/CalisGeoTools.tex
Chapter 11.
) [65




]
\openout2 = `Games/CosmicCookoff/Pages/CosmicCookoffMain.aux'.

 (Games/CosmicCookoff/Pages/CosmicCookoffMain.tex
Chapter 12.
) [66




]
\openout2 = `Games/CosmicCookoff/Pages/CosmicCookoffLanguageArts.aux'.

 (Games/CosmicCookoff/Pages/CosmicCookoffLanguageArts.tex
Chapter 13.
) [67




]
\openout2 = `Games/CosmicCookoff/Pages/CosmicCookoffMathematics.aux'.

 (Games/CosmicCookoff/Pages/CosmicCookoffMathematics.tex
Chapter 14.
) [68




]
\openout2 = `Games/Creative/Pages/CreativeMain.aux'.

 (Games/Creative/Pages/CreativeMain.tex
Chapter 15.
[69




]) [70]
\openout2 = `Games/Creative/Pages/CreativeCamp.aux'.

 (Games/Creative/Pages/CreativeCamp.tex
Chapter 16.
<./Games/Creative/Images/CreativeCampCDCover.jpg, id=399, 271.76532pt x 270.25969pt>
File: ./Games/Creative/Images/CreativeCampCDCover.jpg Graphic file (type jpg)
<use ./Games/Creative/Images/CreativeCampCDCover.jpg>
Package pdftex.def Info: ./Games/Creative/Images/CreativeCampCDCover.jpg  used on input line 7.
(pdftex.def)             Requested size: 215.0023pt x 213.82034pt.
[71




 <./Games/Creative/Images/CreativeCampCDCover.jpg>]
<./Games/Creative/Images/CreativeCampScreenshot1.jpg, id=407, 1445.4pt x 1084.05pt>
File: ./Games/Creative/Images/CreativeCampScreenshot1.jpg Graphic file (type jpg)
<use ./Games/Creative/Images/CreativeCampScreenshot1.jpg>
Package pdftex.def Info: ./Games/Creative/Images/CreativeCampScreenshot1.jpg  used on input line 83.
(pdftex.def)             Requested size: 215.0023pt x 161.2441pt.
 [72]
<./Games/Creative/Images/CreativeCampScreenshot2.jpg, id=414, 1927.2pt x 1084.05pt>
File: ./Games/Creative/Images/CreativeCampScreenshot2.jpg Graphic file (type jpg)
<use ./Games/Creative/Images/CreativeCampScreenshot2.jpg>
Package pdftex.def Info: ./Games/Creative/Images/CreativeCampScreenshot2.jpg  used on input line 89.
(pdftex.def)             Requested size: 215.0023pt x 120.93307pt.
<./Games/Creative/Images/CreativeCampOfficialCategoryCard.jpg, id=415, 1565.85pt x 1658.195pt>
File: ./Games/Creative/Images/CreativeCampOfficialCategoryCard.jpg Graphic file (type jpg)
<use ./Games/Creative/Images/CreativeCampOfficialCategoryCard.jpg>
Package pdftex.def Info: ./Games/Creative/Images/CreativeCampOfficialCategoryCard.jpg  used on input line 95.
(pdftex.def)             Requested size: 215.0023pt x 227.66727pt.
) [73 <./Games/Creative/Images/CreativeCampScreenshot1.jpg> <./Games/Creative/Images/CreativeCampScreenshot2.jpg>] [74 <./Games/Creative/Images/CreativeCampOfficialCategoryCard.jpg>]
\openout2 = `Games/Creative/Pages/CreativeIsle.aux'.

 (Games/Creative/Pages/CreativeIsle.tex
Chapter 17.
<./Games/Creative/Images/CreativeIsleCDCover.jpg, id=427, 240.9pt x 240.9pt>
File: ./Games/Creative/Images/CreativeIsleCDCover.jpg Graphic file (type jpg)
<use ./Games/Creative/Images/CreativeIsleCDCover.jpg>
Package pdftex.def Info: ./Games/Creative/Images/CreativeIsleCDCover.jpg  used on input line 7.
(pdftex.def)             Requested size: 215.0023pt x 215.00682pt.
[75




 <./Games/Creative/Images/CreativeIsleCDCover.jpg>]
<./Games/Creative/Images/CreativeIsleScreenshot1.jpg, id=435, 1445.4pt x 1084.05pt>
File: ./Games/Creative/Images/CreativeIsleScreenshot1.jpg Graphic file (type jpg)
<use ./Games/Creative/Images/CreativeIsleScreenshot1.jpg>
Package pdftex.def Info: ./Games/Creative/Images/CreativeIsleScreenshot1.jpg  used on input line 85.
(pdftex.def)             Requested size: 215.0023pt x 161.2441pt.
 [76]
<./Games/Creative/Images/CreativeIsleScreenshot2.jpg, id=441, 685.8122pt x 514.17094pt>
File: ./Games/Creative/Images/CreativeIsleScreenshot2.jpg Graphic file (type jpg)
<use ./Games/Creative/Images/CreativeIsleScreenshot2.jpg>
Package pdftex.def Info: ./Games/Creative/Images/CreativeIsleScreenshot2.jpg  used on input line 91.
(pdftex.def)             Requested size: 215.0023pt x 161.19583pt.
<./Games/Creative/Images/CreativeIsleOfficialCategoryCard.jpg, id=442, 1570.86874pt x 1657.19125pt>
File: ./Games/Creative/Images/CreativeIsleOfficialCategoryCard.jpg Graphic file (type jpg)
<use ./Games/Creative/Images/CreativeIsleOfficialCategoryCard.jpg>
Package pdftex.def Info: ./Games/Creative/Images/CreativeIsleOfficialCategoryCard.jpg  used on input line 97.
(pdftex.def)             Requested size: 215.0023pt x 226.79614pt.
) [77 <./Games/Creative/Images/CreativeIsleScreenshot1.jpg> <./Games/Creative/Images/CreativeIsleScreenshot2.jpg>] [78 <./Games/Creative/Images/CreativeIsleOfficialCategoryCard.jpg>]
\openout2 = `Games/Creative/Pages/CreativeJourney.aux'.

 (Games/Creative/Pages/CreativeJourney.tex
Chapter 18.
<./Games/Creative/Images/CreativeJourneyCDCover.jpg, id=455, 344.0052pt x 340.3917pt>
File: ./Games/Creative/Images/CreativeJourneyCDCover.jpg Graphic file (type jpg)
<use ./Games/Creative/Images/CreativeJourneyCDCover.jpg>
Package pdftex.def Info: ./Games/Creative/Images/CreativeJourneyCDCover.jpg  used on input line 7.
(pdftex.def)             Requested size: 215.0023pt x 212.74428pt.
[79




 <./Games/Creative/Images/CreativeJourneyCDCover.jpg>]
<./Games/Creative/Images/CreativeJourneyScreenshot1.jpg, id=463, 1445.4pt x 1084.05pt>
File: ./Games/Creative/Images/CreativeJourneyScreenshot1.jpg Graphic file (type jpg)
<use ./Games/Creative/Images/CreativeJourneyScreenshot1.jpg>
Package pdftex.def Info: ./Games/Creative/Images/CreativeJourneyScreenshot1.jpg  used on input line 82.
(pdftex.def)             Requested size: 215.0023pt x 161.2441pt.
 [80]
<./Games/Creative/Images/CreativeJourneyScreenshot2.jpg, id=469, 1445.4pt x 1084.05pt>
File: ./Games/Creative/Images/CreativeJourneyScreenshot2.jpg Graphic file (type jpg)
<use ./Games/Creative/Images/CreativeJourneyScreenshot2.jpg>
Package pdftex.def Info: ./Games/Creative/Images/CreativeJourneyScreenshot2.jpg  used on input line 88.
(pdftex.def)             Requested size: 215.0023pt x 161.2441pt.
<./Games/Creative/Images/CreativeJourneyScreenshot3.jpg, id=470, 1445.4pt x 1084.05pt>
File: ./Games/Creative/Images/CreativeJourneyScreenshot3.jpg Graphic file (type jpg)
<use ./Games/Creative/Images/CreativeJourneyScreenshot3.jpg>
Package pdftex.def Info: ./Games/Creative/Images/CreativeJourneyScreenshot3.jpg  used on input line 94.
(pdftex.def)             Requested size: 215.0023pt x 161.2441pt.
 [81 <./Games/Creative/Images/CreativeJourneyScreenshot1.jpg> <./Games/Creative/Images/CreativeJourneyScreenshot2.jpg>]
File: ./Games/Creative/Images/CreativeJourneyCDCover.jpg Graphic file (type jpg)
<use ./Games/Creative/Images/CreativeJourneyCDCover.jpg>
Package pdftex.def Info: ./Games/Creative/Images/CreativeJourneyCDCover.jpg  used on input line 100.
(pdftex.def)             Requested size: 215.0023pt x 212.74428pt.
) [82 <./Games/Creative/Images/CreativeJourneyScreenshot3.jpg>]
\openout2 = `Games/Creative/Pages/CreativeVoyage.aux'.

 (Games/Creative/Pages/CreativeVoyage.tex
<./Games/Creative/Images/CreativeVoyageCDCover.jpg, id=483, 803.0pt x 803.0pt>
File: ./Games/Creative/Images/CreativeVoyageCDCover.jpg Graphic file (type jpg)
<use ./Games/Creative/Images/CreativeVoyageCDCover.jpg>
Package pdftex.def Info: ./Games/Creative/Images/CreativeVoyageCDCover.jpg  used on input line 7.
(pdftex.def)             Requested size: 215.0023pt x 214.99948pt.
 [83



 <./Games/Creative/Images/CreativeVoyageCDCover.jpg>]
<./Games/Creative/Images/CreativeVoyageScreenshot1.jpg, id=491, 1445.4pt x 1084.05pt>
File: ./Games/Creative/Images/CreativeVoyageScreenshot1.jpg Graphic file (type jpg)
<use ./Games/Creative/Images/CreativeVoyageScreenshot1.jpg>
Package pdftex.def Info: ./Games/Creative/Images/CreativeVoyageScreenshot1.jpg  used on input line 83.
(pdftex.def)             Requested size: 215.0023pt x 161.2441pt.
<./Games/Creative/Images/CreativeVoyageScreenshot2.jpg, id=492, 1445.4pt x 1084.05pt>
File: ./Games/Creative/Images/CreativeVoyageScreenshot2.jpg Graphic file (type jpg)
<use ./Games/Creative/Images/CreativeVoyageScreenshot2.jpg>
Package pdftex.def Info: ./Games/Creative/Images/CreativeVoyageScreenshot2.jpg  used on input line 89.
(pdftex.def)             Requested size: 215.0023pt x 161.2441pt.
) [84 <./Games/Creative/Images/CreativeVoyageScreenshot1.jpg>] [85 <./Games/Creative/Images/CreativeVoyageScreenshot2.jpg>]
\openout2 = `Games/EveryChildCanSucceed/Pages/EveryChildCanSucceedMain.aux'.

 (Games/EveryChildCanSucceed/Pages/EveryChildCanSucceedMain.tex
Chapter 19.
[86




] [87]
<Games/EveryChildCanSucceed/Images/EveryChildCanSucceedScreenshot1.jpg, id=516, 1927.2pt x 975.645pt>
File: Games/EveryChildCanSucceed/Images/EveryChildCanSucceedScreenshot1.jpg Graphic file (type jpg)
<use Games/EveryChildCanSucceed/Images/EveryChildCanSucceedScreenshot1.jpg>
Package pdftex.def Info: Games/EveryChildCanSucceed/Images/EveryChildCanSucceedScreenshot1.jpg  used on input line 31.
(pdftex.def)             Requested size: 193.50076pt x 97.95728pt.
<Games/EveryChildCanSucceed/Images/EveryChildCanSucceedScreenshot2.jpg, id=517, 1927.2pt x 975.645pt>
File: Games/EveryChildCanSucceed/Images/EveryChildCanSucceedScreenshot2.jpg Graphic file (type jpg)
<use Games/EveryChildCanSucceed/Images/EveryChildCanSucceedScreenshot2.jpg>
Package pdftex.def Info: Games/EveryChildCanSucceed/Images/EveryChildCanSucceedScreenshot2.jpg  used on input line 36.
(pdftex.def)             Requested size: 193.50076pt x 97.95728pt.
<Games/EveryChildCanSucceed/Images/EveryChildCanSucceedScreenshot3.jpg, id=518, 642.4pt x 325.215pt>
File: Games/EveryChildCanSucceed/Images/EveryChildCanSucceedScreenshot3.jpg Graphic file (type jpg)
<use Games/EveryChildCanSucceed/Images/EveryChildCanSucceedScreenshot3.jpg>
Package pdftex.def Info: Games/EveryChildCanSucceed/Images/EveryChildCanSucceedScreenshot3.jpg  used on input line 42.
(pdftex.def)             Requested size: 193.50076pt x 97.95728pt.
<Games/EveryChildCanSucceed/Images/EveryChildCanSucceedScreenshot4.jpg, id=519, 1927.2pt x 975.645pt>
File: Games/EveryChildCanSucceed/Images/EveryChildCanSucceedScreenshot4.jpg Graphic file (type jpg)
<use Games/EveryChildCanSucceed/Images/EveryChildCanSucceedScreenshot4.jpg>
Package pdftex.def Info: Games/EveryChildCanSucceed/Images/EveryChildCanSucceedScreenshot4.jpg  used on input line 47.
(pdftex.def)             Requested size: 193.50076pt x 97.95728pt.
<Games/EveryChildCanSucceed/Images/EveryChildCanSucceedScreenshot5.jpg, id=520, 1927.2pt x 975.645pt>
File: Games/EveryChildCanSucceed/Images/EveryChildCanSucceedScreenshot5.jpg Graphic file (type jpg)
<use Games/EveryChildCanSucceed/Images/EveryChildCanSucceedScreenshot5.jpg>
Package pdftex.def Info: Games/EveryChildCanSucceed/Images/EveryChildCanSucceedScreenshot5.jpg  used on input line 52.
(pdftex.def)             Requested size: 193.50076pt x 97.95728pt.
<Games/EveryChildCanSucceed/Images/EveryChildCanSucceedScreenshot6.jpg, id=521, 1284.8pt x 650.43pt>
File: Games/EveryChildCanSucceed/Images/EveryChildCanSucceedScreenshot6.jpg Graphic file (type jpg)
<use Games/EveryChildCanSucceed/Images/EveryChildCanSucceedScreenshot6.jpg>
Package pdftex.def Info: Games/EveryChildCanSucceed/Images/EveryChildCanSucceedScreenshot6.jpg  used on input line 57.
(pdftex.def)             Requested size: 193.50076pt x 97.95728pt.
) [88 <./Games/EveryChildCanSucceed/Images/EveryChildCanSucceedScreenshot1.jpg> <./Games/EveryChildCanSucceed/Images/EveryChildCanSucceedScreenshot2.jpg> <./Games/EveryChildCanSucceed/Images/EveryChildCanSucceedScreenshot3.jpg> <./Games/EveryChildCanSucceed/Images/EveryChildCanSucceedScreenshot4.jpg> <./Games/EveryChildCanSucceed/Images/EveryChildCanSucceedScreenshot5.jpg> <./Games/EveryChildCanSucceed/Images/EveryChildCanSucceedScreenshot6.jpg>]
\openout2 = `Games/EveryChildCanSucceed/Pages/EveryChildCanSucceed1.aux'.

 (Games/EveryChildCanSucceed/Pages/EveryChildCanSucceed1.tex
Chapter 20.
<./Games/EveryChildCanSucceed/Images/EveryChildCanSucceed1CD.png, id=529, 2860.6875pt x 2848.6425pt>
File: ./Games/EveryChildCanSucceed/Images/EveryChildCanSucceed1CD.png Graphic file (type png)
<use ./Games/EveryChildCanSucceed/Images/EveryChildCanSucceed1CD.png>
Package pdftex.def Info: ./Games/EveryChildCanSucceed/Images/EveryChildCanSucceed1CD.png  used on input line 5.
(pdftex.def)             Requested size: 215.0023pt x 214.07364pt.
[89




 <./Games/EveryChildCanSucceed/Images/EveryChildCanSucceed1CD.png>
!pdfTeX error: pdflatex: fflush() failed (Invalid argument)
 ==> Fatal error occurred, no output PDF file produced!
