\BOOKMARK [0][-]{chapter.1}{\376\377\000G\000a\000m\000e\000s}{}% 1
\BOOKMARK [0][-]{chapter.2}{\376\377\0001\0006\000\040\000T\000a\000l\000e\000s\000\040\000-\000\040\000O\000v\000e\000r\000v\000i\000e\000w}{}% 2
\BOOKMARK [0][-]{chapter.3}{\376\377\0001\0006\000\040\000T\000a\000l\000e\000s\000\040\000-\000\040\000V\000o\000l\000u\000m\000e\000\040\0001}{}% 3
\BOOKMARK [1][-]{section.3.1}{\376\377\000T\000h\000e\000\040\000A\000n\000g\000r\000y\000\040\000M\000o\000o\000n}{chapter.3}% 4
\BOOKMARK [2][-]{subsection.3.1.1}{\376\377\000A\000u\000d\000i\000o\000\040\000S\000u\000m\000m\000a\000r\000y}{section.3.1}% 5
\BOOKMARK [2][-]{subsection.3.1.2}{\376\377\000T\000r\000a\000n\000s\000c\000r\000i\000p\000t\000i\000o\000n\000s}{section.3.1}% 6
\BOOKMARK [2][-]{subsection.3.1.3}{\376\377\000C\000r\000e\000d\000i\000t\000s}{section.3.1}% 7
\BOOKMARK [1][-]{section.3.2}{\376\377\000C\000o\000y\000o\000t\000e\000\040\000a\000n\000d\000\040\000C\000o\000t\000t\000o\000n\000t\000a\000i\000l\000\040\000\046\000\040\000C\000o\000y\000o\000t\000e\000\040\000a\000n\000d\000\040\000t\000h\000e\000\040\000B\000e\000a\000v\000e\000r\000\040\000P\000e\000o\000p\000l\000e}{chapter.3}% 8
\BOOKMARK [2][-]{subsection.3.2.1}{\376\377\000A\000u\000d\000i\000o\000\040\000S\000u\000m\000m\000a\000r\000y}{section.3.2}% 9
\BOOKMARK [2][-]{subsection.3.2.2}{\376\377\000T\000r\000a\000n\000s\000c\000r\000i\000p\000t\000i\000o\000n\000s}{section.3.2}% 10
\BOOKMARK [2][-]{subsection.3.2.3}{\376\377\000C\000r\000e\000d\000i\000t\000s}{section.3.2}% 11
\BOOKMARK [1][-]{section.3.3}{\376\377\000T\000h\000e\000\040\000D\000a\000n\000c\000i\000n\000g\000\040\000S\000t\000a\000r\000s\000\040\000\046\000\040\000T\000h\000e\000\040\000F\000r\000i\000e\000n\000d\000l\000y\000\040\000W\000o\000l\000f}{chapter.3}% 12
\BOOKMARK [2][-]{subsection.3.3.1}{\376\377\000A\000u\000d\000i\000o\000\040\000S\000u\000m\000m\000a\000r\000y}{section.3.3}% 13
\BOOKMARK [2][-]{subsection.3.3.2}{\376\377\000T\000r\000a\000n\000s\000c\000r\000i\000p\000t\000i\000o\000n\000s}{section.3.3}% 14
\BOOKMARK [2][-]{subsection.3.3.3}{\376\377\000C\000r\000e\000d\000i\000t\000s}{section.3.3}% 15
\BOOKMARK [1][-]{section.3.4}{\376\377\000T\000h\000e\000\040\000F\000i\000r\000e\000\040\000B\000r\000i\000n\000g\000e\000r\000\040\000\046\000\040\000H\000o\000w\000\040\000S\000a\000y\000n\000d\000a\000y\000\040\000B\000o\000r\000o\000u\000g\000h\000t\000\040\000t\000h\000e\000\040\000B\000u\000f\000f\000a\000l\000o\000\040\000t\000o\000\040\000t\000h\000e\000\040\000I\000n\000d\000i\000a\000n\000s}{chapter.3}% 16
\BOOKMARK [2][-]{subsection.3.4.1}{\376\377\000A\000u\000d\000i\000o\000\040\000S\000u\000m\000m\000a\000r\000y}{section.3.4}% 17
\BOOKMARK [2][-]{subsection.3.4.2}{\376\377\000T\000r\000a\000n\000s\000c\000r\000i\000p\000t\000i\000o\000n\000s}{section.3.4}% 18
\BOOKMARK [2][-]{subsection.3.4.3}{\376\377\000C\000r\000e\000d\000i\000t\000s}{section.3.4}% 19
\BOOKMARK [0][-]{chapter.4}{\376\377\0001\0006\000\040\000T\000a\000l\000e\000s\000\040\000-\000\040\000V\000o\000l\000u\000m\000e\000\040\0002}{}% 20
\BOOKMARK [1][-]{section.4.1}{\376\377\000T\000h\000e\000\040\000B\000l\000i\000n\000d\000\040\000M\000a\000n\000'\000s\000\040\000D\000a\000u\000g\000h\000t\000e\000r}{chapter.4}% 21
\BOOKMARK [2][-]{subsection.4.1.1}{\376\377\000A\000u\000d\000i\000o\000\040\000S\000u\000m\000m\000a\000r\000y}{section.4.1}% 22
\BOOKMARK [2][-]{subsection.4.1.2}{\376\377\000T\000r\000a\000n\000s\000c\000r\000i\000p\000t\000i\000o\000n\000s}{section.4.1}% 23
\BOOKMARK [2][-]{subsection.4.1.3}{\376\377\000C\000r\000e\000d\000i\000t\000s}{section.4.1}% 24
\BOOKMARK [1][-]{section.4.2}{\376\377\000J\000o\000s\000e\000\040\000a\000n\000d\000\040\000t\000h\000e\000\040\000C\000r\000o\000c\000o\000d\000i\000l\000e}{chapter.4}% 25
\BOOKMARK [2][-]{subsection.4.2.1}{\376\377\000A\000u\000d\000i\000o\000\040\000S\000u\000m\000m\000a\000r\000y}{section.4.2}% 26
\BOOKMARK [2][-]{subsection.4.2.2}{\376\377\000T\000r\000a\000n\000s\000c\000r\000i\000p\000t\000i\000o\000n\000s}{section.4.2}% 27
\BOOKMARK [2][-]{subsection.4.2.3}{\376\377\000C\000r\000e\000d\000i\000t\000s}{section.4.2}% 28
\BOOKMARK [1][-]{section.4.3}{\376\377\000M\000a\000\040\000L\000i\000a\000n\000g\000\040\000a\000n\000d\000\040\000t\000h\000e\000\040\000M\000a\000g\000i\000c\000\040\000B\000r\000u\000s\000h}{chapter.4}% 29
\BOOKMARK [2][-]{subsection.4.3.1}{\376\377\000A\000u\000d\000i\000o\000\040\000S\000u\000m\000m\000a\000r\000y}{section.4.3}% 30
\BOOKMARK [2][-]{subsection.4.3.2}{\376\377\000T\000r\000a\000n\000s\000c\000r\000i\000p\000t\000i\000o\000n\000s}{section.4.3}% 31
\BOOKMARK [2][-]{subsection.4.3.3}{\376\377\000C\000r\000e\000d\000i\000t\000s}{section.4.3}% 32
\BOOKMARK [1][-]{section.4.4}{\376\377\000T\000h\000e\000\040\000T\000a\000l\000e\000\040\000o\000f\000\040\000U\000r\000a\000s\000h\000i\000m\000a\000\040\000T\000a\000r\000o}{chapter.4}% 33
\BOOKMARK [2][-]{subsection.4.4.1}{\376\377\000A\000u\000d\000i\000o\000\040\000S\000u\000m\000m\000a\000r\000y}{section.4.4}% 34
\BOOKMARK [2][-]{subsection.4.4.2}{\376\377\000T\000r\000a\000n\000s\000c\000r\000i\000p\000t\000i\000o\000n\000s}{section.4.4}% 35
\BOOKMARK [2][-]{subsection.4.4.3}{\376\377\000C\000r\000e\000d\000i\000t\000s}{section.4.4}% 36
\BOOKMARK [0][-]{chapter.5}{\376\377\0001\0006\000\040\000T\000a\000l\000e\000s\000\040\000-\000\040\000V\000o\000l\000u\000m\000e\000\040\0003}{}% 37
\BOOKMARK [1][-]{section.5.1}{\376\377\000T\000h\000e\000\040\000F\000l\000e\000a}{chapter.5}% 38
\BOOKMARK [2][-]{subsection.5.1.1}{\376\377\000A\000u\000d\000i\000o\000\040\000S\000u\000m\000m\000a\000r\000y}{section.5.1}% 39
\BOOKMARK [2][-]{subsection.5.1.2}{\376\377\000T\000r\000a\000n\000s\000c\000r\000i\000p\000t\000i\000o\000n\000s}{section.5.1}% 40
\BOOKMARK [2][-]{subsection.5.1.3}{\376\377\000C\000r\000e\000d\000i\000t\000s}{section.5.1}% 41
\BOOKMARK [1][-]{section.5.2}{\376\377\000T\000h\000e\000\040\000L\000a\000z\000y\000\040\000F\000o\000x\000\040\000\046\000\040\000S\000e\000\361\000o\000r\000\040\000C\000o\000y\000o\000t\000e\000\040\000a\000n\000d\000\040\000S\000e\000\361\000o\000r\000\040\000F\000o\000x}{chapter.5}% 42
\BOOKMARK [2][-]{subsection.5.2.1}{\376\377\000A\000u\000d\000i\000o\000\040\000S\000u\000m\000m\000a\000r\000y}{section.5.2}% 43
\BOOKMARK [2][-]{subsection.5.2.2}{\376\377\000T\000r\000a\000n\000s\000c\000r\000i\000p\000t\000i\000o\000n\000s}{section.5.2}% 44
\BOOKMARK [2][-]{subsection.5.2.3}{\376\377\000C\000r\000e\000d\000i\000t\000s}{section.5.2}% 45
\BOOKMARK [1][-]{section.5.3}{\376\377\000T\000e\000p\000o\000z\000t\000o\000n\000,\000\040\000t\000h\000e\000\040\000M\000a\000g\000i\000c\000\040\000B\000o\000y\000\040\000f\000r\000o\000m\000\040\000t\000h\000e\000\040\000M\000o\000u\000n\000t\000a\000i\000n\000s}{chapter.5}% 46
\BOOKMARK [2][-]{subsection.5.3.1}{\376\377\000A\000u\000d\000i\000o\000\040\000S\000u\000m\000m\000a\000r\000y}{section.5.3}% 47
\BOOKMARK [2][-]{subsection.5.3.2}{\376\377\000T\000r\000a\000n\000s\000c\000r\000i\000p\000t\000i\000o\000n\000s}{section.5.3}% 48
\BOOKMARK [2][-]{subsection.5.3.3}{\376\377\000C\000r\000e\000d\000i\000t\000s}{section.5.3}% 49
\BOOKMARK [1][-]{section.5.4}{\376\377\000T\000h\000e\000\040\000T\000i\000g\000e\000r\000\040\000a\000n\000d\000\040\000t\000h\000e\000\040\000R\000a\000b\000b\000i\000t}{chapter.5}% 50
\BOOKMARK [2][-]{subsection.5.4.1}{\376\377\000A\000u\000d\000i\000o\000\040\000S\000u\000m\000m\000a\000r\000y}{section.5.4}% 51
\BOOKMARK [2][-]{subsection.5.4.2}{\376\377\000T\000r\000a\000n\000s\000c\000r\000i\000p\000t\000i\000o\000n\000s}{section.5.4}% 52
\BOOKMARK [2][-]{subsection.5.4.3}{\376\377\000C\000r\000e\000d\000i\000t\000s}{section.5.4}% 53
\BOOKMARK [0][-]{chapter.6}{\376\377\0001\0006\000\040\000T\000a\000l\000e\000s\000\040\000-\000\040\000V\000o\000l\000u\000m\000e\000\040\0004}{}% 54
\BOOKMARK [1][-]{section.6.1}{\376\377\000A\000n\000a\000n\000c\000e\000\040\000a\000n\000d\000\040\000t\000h\000e\000\040\000G\000o\000l\000d\000e\000n\000\040\000B\000o\000x}{chapter.6}% 55
\BOOKMARK [2][-]{subsection.6.1.1}{\376\377\000A\000u\000d\000i\000o\000\040\000S\000u\000m\000m\000a\000r\000y}{section.6.1}% 56
\BOOKMARK [2][-]{subsection.6.1.2}{\376\377\000T\000r\000a\000n\000s\000c\000r\000i\000p\000t\000i\000o\000n\000s}{section.6.1}% 57
\BOOKMARK [2][-]{subsection.6.1.3}{\376\377\000C\000r\000e\000d\000i\000t\000s}{section.6.1}% 58
\BOOKMARK [1][-]{section.6.2}{\376\377\000B\000r\000e\000r\000\040\000R\000a\000b\000b\000i\000t\000\040\000a\000n\000d\000\040\000t\000h\000e\000\040\000T\000a\000r\000\040\000B\000a\000b\000y}{chapter.6}% 59
\BOOKMARK [2][-]{subsection.6.2.1}{\376\377\000A\000u\000d\000i\000o\000\040\000S\000u\000m\000m\000a\000r\000y}{section.6.2}% 60
\BOOKMARK [2][-]{subsection.6.2.2}{\376\377\000T\000r\000a\000n\000s\000c\000r\000i\000p\000t\000i\000o\000n\000s}{section.6.2}% 61
\BOOKMARK [2][-]{subsection.6.2.3}{\376\377\000C\000r\000e\000d\000i\000t\000s}{section.6.2}% 62
\BOOKMARK [1][-]{section.6.3}{\376\377\000H\000o\000w\000\040\000A\000n\000a\000n\000c\000e\000\040\000G\000o\000t\000\040\000a\000\040\000T\000h\000i\000n\000\040\000W\000a\000i\000s\000t\000\040\000\046\000\040\000A\000n\000a\000n\000s\000e\000'\000s\000\040\000V\000i\000s\000i\000t\000o\000r\000\040\000T\000u\000r\000t\000l\000e}{chapter.6}% 63
\BOOKMARK [2][-]{subsection.6.3.1}{\376\377\000A\000u\000d\000i\000o\000\040\000S\000u\000m\000m\000a\000r\000y}{section.6.3}% 64
\BOOKMARK [2][-]{subsection.6.3.2}{\376\377\000T\000r\000a\000n\000s\000c\000r\000i\000p\000t\000i\000o\000n\000s}{section.6.3}% 65
\BOOKMARK [2][-]{subsection.6.3.3}{\376\377\000C\000r\000e\000d\000i\000t\000s}{section.6.3}% 66
\BOOKMARK [1][-]{section.6.4}{\376\377\000W\000a\000k\000a\000i\000m\000a\000\040\000a\000n\000d\000\040\000t\000h\000e\000\040\000C\000l\000a\000y\000\040\000M\000a\000n}{chapter.6}% 67
\BOOKMARK [2][-]{subsection.6.4.1}{\376\377\000A\000u\000d\000i\000o\000\040\000S\000u\000m\000m\000a\000r\000y}{section.6.4}% 68
\BOOKMARK [2][-]{subsection.6.4.2}{\376\377\000T\000r\000a\000n\000s\000c\000r\000i\000p\000t\000i\000o\000n\000s}{section.6.4}% 69
\BOOKMARK [2][-]{subsection.6.4.3}{\376\377\000C\000r\000e\000d\000i\000t\000s}{section.6.4}% 70
\BOOKMARK [0][-]{chapter.7}{\376\377\000C\000a\000l\000a\000m\000i\000t\000y\000\040\000-\000\040\000O\000v\000e\000r\000v\000i\000e\000w}{}% 71
\BOOKMARK [0][-]{chapter.8}{\376\377\000C\000a\000l\000a\000m\000i\000t\000y\000\040\0001\000:\000\040\000T\000h\000e\000\040\000N\000a\000t\000u\000r\000a\000l\000\040\000W\000o\000r\000l\000d}{}% 72
\BOOKMARK [0][-]{chapter.9}{\376\377\000C\000a\000l\000a\000m\000i\000t\000y\000\040\0002\000:\000\040\000P\000e\000o\000p\000l\000e\000\040\000a\000n\000d\000\040\000T\000r\000a\000d\000i\000t\000i\000o\000n\000s}{}% 73
\BOOKMARK [0][-]{chapter.10}{\376\377\000C\000a\000l\000a\000m\000i\000t\000y\000\040\0003\000:\000\040\000A\000r\000o\000u\000n\000d\000\040\000T\000h\000e\000\040\000W\000o\000r\000l\000d}{}% 74
\BOOKMARK [0][-]{chapter.11}{\376\377\000C\000o\000s\000m\000i\000c\000\040\000C\000o\000o\000k\000o\000f\000f\000\040\000-\000\040\000O\000v\000e\000r\000v\000i\000e\000w}{}% 75
\BOOKMARK [0][-]{chapter.12}{\376\377\000C\000o\000s\000m\000i\000c\000\040\000C\000o\000o\000k\000o\000f\000f\000:\000\040\000L\000a\000n\000g\000u\000a\000g\000e\000\040\000A\000r\000t\000s}{}% 76
\BOOKMARK [0][-]{chapter.13}{\376\377\000C\000o\000s\000m\000i\000c\000\040\000C\000o\000o\000k\000o\000f\000f\000:\000\040\000M\000a\000t\000h\000e\000m\000a\000t\000i\000c\000s}{}% 77
\BOOKMARK [0][-]{chapter.14}{\376\377\000C\000r\000e\000a\000t\000i\000v\000e\000\040\000-\000\040\000O\000v\000e\000r\000v\000i\000e\000w}{}% 78
\BOOKMARK [0][-]{chapter.15}{\376\377\000C\000r\000e\000a\000t\000i\000v\000e\000\040\000C\000a\000m\000p}{}% 79
\BOOKMARK [1][-]{section.15.1}{\376\377\000O\000v\000e\000r\000v\000i\000e\000w}{chapter.15}% 80
\BOOKMARK [1][-]{section.15.2}{\376\377\000C\000r\000e\000d\000i\000t\000s}{chapter.15}% 81
\BOOKMARK [0][-]{chapter.16}{\376\377\000C\000r\000e\000a\000t\000i\000v\000e\000\040\000I\000s\000l\000e}{}% 82
\BOOKMARK [1][-]{section.16.1}{\376\377\000O\000v\000e\000r\000v\000i\000e\000w}{chapter.16}% 83
\BOOKMARK [1][-]{section.16.2}{\376\377\000C\000r\000e\000d\000i\000t\000s}{chapter.16}% 84
\BOOKMARK [0][-]{chapter.17}{\376\377\000C\000r\000e\000a\000t\000i\000v\000e\000\040\000J\000o\000u\000r\000n\000e\000y}{}% 85
\BOOKMARK [1][-]{section.17.1}{\376\377\000O\000v\000e\000r\000v\000i\000e\000w}{chapter.17}% 86
\BOOKMARK [1][-]{section.17.2}{\376\377\000C\000r\000e\000d\000i\000t\000s}{chapter.17}% 87
\BOOKMARK [1][-]{section.17.3}{\376\377\000C\000r\000e\000a\000t\000i\000v\000e\000\040\000V\000o\000y\000a\000g\000e}{chapter.17}% 88
\BOOKMARK [1][-]{section.17.4}{\376\377\000O\000v\000e\000r\000v\000i\000e\000w}{chapter.17}% 89
\BOOKMARK [1][-]{section.17.5}{\376\377\000C\000r\000e\000d\000i\000t\000s}{chapter.17}% 90
\BOOKMARK [0][-]{chapter.18}{\376\377\000E\000v\000e\000r\000y\000\040\000C\000h\000i\000l\000d\000\040\000C\000a\000n\000\040\000S\000u\000c\000c\000e\000e\000d\000\040\000-\000\040\000O\000v\000e\000r\000v\000i\000e\000w}{}% 91
\BOOKMARK [0][-]{chapter.19}{\376\377\000E\000v\000e\000r\000y\000\040\000C\000h\000i\000l\000d\000\040\000C\000a\000n\000\040\000S\000u\000c\000c\000e\000e\000d\000\040\0001}{}% 92
\BOOKMARK [1][-]{section.19.1}{\376\377\000P\000r\000o\000m\000i\000s\000e\000s\000\040\000t\000o\000\040\000K\000e\000e\000p\000:\000\040\000A\000c\000h\000i\000e\000v\000i\000n\000g\000\040\000S\000u\000c\000c\000e\000s\000s\000\040\000i\000n\000\040\000O\000u\000r\000\040\000S\000c\000h\000o\000o\000l\000s}{chapter.19}% 93
\BOOKMARK [2][-]{subsection.19.1.1}{\376\377\000A\000u\000d\000i\000o\000\040\000S\000u\000m\000m\000a\000r}{section.19.1}% 94
\BOOKMARK [2][-]{subsection.19.1.2}{\376\377\000T\000r\000a\000n\000s\000c\000r\000i\000p\000t\000i\000o\000n}{section.19.1}% 95
\BOOKMARK [2][-]{subsection.19.1.3}{\376\377\000C\000r\000e\000d\000i\000t\000s}{section.19.1}% 96
\BOOKMARK [1][-]{section.19.2}{\376\377\000U\000s\000i\000n\000g\000\040\000E\000v\000e\000r\000y\000\040\000C\000h\000i\000l\000d\000\040\000C\000a\000n\000\040\000S\000u\000c\000c\000e\000e\000d}{chapter.19}% 97
\BOOKMARK [2][-]{subsection.19.2.1}{\376\377\000A\000u\000d\000i\000o\000\040\000S\000u\000m\000m\000a\000r\000y}{section.19.2}% 98
\BOOKMARK [2][-]{subsection.19.2.2}{\376\377\000T\000r\000a\000n\000s\000c\000r\000i\000p\000t\000i\000o\000n}{section.19.2}% 99
\BOOKMARK [2][-]{subsection.19.2.3}{\376\377\000C\000r\000e\000d\000i\000t\000s}{section.19.2}% 100
\BOOKMARK [1][-]{section.19.3}{\376\377\000C\000r\000e\000d\000i\000t\000s}{chapter.19}% 101
\BOOKMARK [0][-]{chapter.20}{\376\377\000E\000v\000e\000r\000y\000\040\000C\000h\000i\000l\000d\000\040\000C\000a\000n\000\040\000S\000u\000c\000c\000e\000e\000d\000\040\0002}{}% 102
\BOOKMARK [1][-]{section.20.1}{\376\377\000S\000t\000a\000f\000f\000\040\000D\000e\000v\000e\000l\000o\000p\000m\000e\000n\000t}{chapter.20}% 103
\BOOKMARK [2][-]{subsection.20.1.1}{\376\377\000A\000u\000d\000i\000o\000\040\000S\000u\000m\000m\000a\000r}{section.20.1}% 104
\BOOKMARK [2][-]{subsection.20.1.2}{\376\377\000T\000r\000a\000n\000s\000c\000r\000i\000p\000t\000i\000o\000n}{section.20.1}% 105
\BOOKMARK [2][-]{subsection.20.1.3}{\376\377\000C\000r\000e\000d\000i\000t\000s}{section.20.1}% 106
\BOOKMARK [1][-]{section.20.2}{\376\377\000I\000n\000s\000t\000r\000u\000c\000t\000i\000o\000n\000a\000l\000\040\000L\000e\000a\000d\000e\000r\000s\000h\000i\000p}{chapter.20}% 107
\BOOKMARK [2][-]{subsection.20.2.1}{\376\377\000A\000u\000d\000i\000o\000\040\000S\000u\000m\000m\000a\000r\000y}{section.20.2}% 108
\BOOKMARK [2][-]{subsection.20.2.2}{\376\377\000T\000r\000a\000n\000s\000c\000r\000i\000p\000t\000i\000o\000n}{section.20.2}% 109
\BOOKMARK [2][-]{subsection.20.2.3}{\376\377\000C\000r\000e\000d\000i\000t\000s}{section.20.2}% 110
\BOOKMARK [1][-]{section.20.3}{\376\377\000S\000c\000h\000o\000o\000l\000\040\000L\000e\000a\000d\000e\000r\000s\000h\000i\000p}{chapter.20}% 111
\BOOKMARK [2][-]{subsection.20.3.1}{\376\377\000A\000u\000d\000i\000o\000\040\000S\000u\000m\000m\000a\000r\000y}{section.20.3}% 112
\BOOKMARK [2][-]{subsection.20.3.2}{\376\377\000T\000r\000a\000n\000s\000c\000r\000i\000p\000t\000i\000o\000n}{section.20.3}% 113
\BOOKMARK [2][-]{subsection.20.3.3}{\376\377\000C\000r\000e\000d\000i\000t\000s}{section.20.3}% 114
\BOOKMARK [1][-]{section.20.4}{\376\377\000C\000r\000e\000d\000i\000t\000s}{chapter.20}% 115
\BOOKMARK [0][-]{chapter.21}{\376\377\000E\000v\000e\000r\000y\000\040\000C\000h\000i\000l\000d\000\040\000C\000a\000n\000\040\000S\000u\000c\000c\000e\000e\000d\000\040\0003}{}% 116
\BOOKMARK [1][-]{section.21.1}{\376\377\000H\000i\000g\000h\000\040\000E\000x\000p\000e\000c\000t\000a\000t\000i\000o\000n\000s}{chapter.21}% 117
\BOOKMARK [2][-]{subsection.21.1.1}{\376\377\000A\000u\000d\000i\000o\000\040\000S\000u\000m\000m\000a\000r}{section.21.1}% 118
\BOOKMARK [2][-]{subsection.21.1.2}{\376\377\000T\000r\000a\000n\000s\000c\000r\000i\000p\000t\000i\000o\000n}{section.21.1}% 119
\BOOKMARK [2][-]{subsection.21.1.3}{\376\377\000C\000r\000e\000d\000i\000t\000s}{section.21.1}% 120
\BOOKMARK [1][-]{section.21.2}{\376\377\000P\000a\000r\000e\000n\000t\000\040\000I\000n\000v\000o\000l\000v\000e\000m\000e\000n\000t}{chapter.21}% 121
\BOOKMARK [2][-]{subsection.21.2.1}{\376\377\000A\000u\000d\000i\000o\000\040\000S\000u\000m\000m\000a\000r\000y}{section.21.2}% 122
\BOOKMARK [2][-]{subsection.21.2.2}{\376\377\000T\000r\000a\000n\000s\000c\000r\000i\000p\000t\000i\000o\000n}{section.21.2}% 123
\BOOKMARK [2][-]{subsection.21.2.3}{\376\377\000C\000r\000e\000d\000i\000t\000s}{section.21.2}% 124
\BOOKMARK [1][-]{section.21.3}{\376\377\000P\000r\000o\000d\000u\000c\000t\000i\000v\000e\000\040\000C\000l\000i\000m\000a\000t\000e\000\040\000a\000n\000d\000\040\000C\000u\000l\000t\000u\000r\000e}{chapter.21}% 125
\BOOKMARK [2][-]{subsection.21.3.1}{\376\377\000A\000u\000d\000i\000o\000\040\000S\000u\000m\000m\000a\000r\000y}{section.21.3}% 126
\BOOKMARK [2][-]{subsection.21.3.2}{\376\377\000T\000r\000a\000n\000s\000c\000r\000i\000p\000t\000i\000o\000n}{section.21.3}% 127
\BOOKMARK [2][-]{subsection.21.3.3}{\376\377\000C\000r\000e\000d\000i\000t\000s}{section.21.3}% 128
\BOOKMARK [1][-]{section.21.4}{\376\377\000C\000r\000e\000d\000i\000t\000s}{chapter.21}% 129
\BOOKMARK [0][-]{chapter.22}{\376\377\000E\000v\000e\000r\000y\000\040\000C\000h\000i\000l\000d\000\040\000C\000a\000n\000\040\000S\000u\000c\000c\000e\000e\000d\000\040\0004}{}% 130
\BOOKMARK [1][-]{section.22.1}{\376\377\000M\000o\000n\000i\000t\000o\000r\000i\000n\000g\000\040\000S\000t\000u\000d\000e\000n\000t\000\040\000P\000r\000o\000g\000r\000e\000s\000s}{chapter.22}% 131
\BOOKMARK [2][-]{subsection.22.1.1}{\376\377\000A\000u\000d\000i\000o\000\040\000S\000u\000m\000m\000a\000r}{section.22.1}% 132
\BOOKMARK [2][-]{subsection.22.1.2}{\376\377\000T\000r\000a\000n\000s\000c\000r\000i\000p\000t\000i\000o\000n}{section.22.1}% 133
\BOOKMARK [2][-]{subsection.22.1.3}{\376\377\000C\000r\000e\000d\000i\000t\000s}{section.22.1}% 134
\BOOKMARK [1][-]{section.22.2}{\376\377\000E\000f\000f\000e\000c\000t\000i\000v\000e\000\040\000I\000n\000s\000t\000r\000u\000c\000t\000i\000o\000n\000a\000l\000\040\000S\000t\000a\000t\000e\000g\000i\000e\000s}{chapter.22}% 135
\BOOKMARK [2][-]{subsection.22.2.1}{\376\377\000A\000u\000d\000i\000o\000\040\000S\000u\000m\000m\000a\000r\000y}{section.22.2}% 136
\BOOKMARK [2][-]{subsection.22.2.2}{\376\377\000T\000r\000a\000n\000s\000c\000r\000i\000p\000t\000i\000o\000n}{section.22.2}% 137
\BOOKMARK [2][-]{subsection.22.2.3}{\376\377\000C\000r\000e\000d\000i\000t\000s}{section.22.2}% 138
\BOOKMARK [1][-]{section.22.3}{\376\377\000L\000e\000a\000r\000n\000i\000n\000g\000\040\000E\000s\000s\000e\000n\000t\000i\000a\000l\000\040\000S\000k\000i\000l\000l\000s}{chapter.22}% 139
\BOOKMARK [2][-]{subsection.22.3.1}{\376\377\000A\000u\000d\000i\000o\000\040\000S\000u\000m\000m\000a\000r\000y}{section.22.3}% 140
\BOOKMARK [2][-]{subsection.22.3.2}{\376\377\000T\000r\000a\000n\000s\000c\000r\000i\000p\000t\000i\000o\000n}{section.22.3}% 141
\BOOKMARK [2][-]{subsection.22.3.3}{\376\377\000C\000r\000e\000d\000i\000t\000s}{section.22.3}% 142
\BOOKMARK [1][-]{section.22.4}{\376\377\000C\000r\000e\000d\000i\000t\000s}{chapter.22}% 143
\BOOKMARK [0][-]{chapter.23}{\376\377\000E\000v\000e\000r\000y\000\040\000C\000h\000i\000l\000d\000\040\000C\000a\000n\000\040\000S\000u\000c\000c\000e\000e\000d\000\040\0005}{}% 144
\BOOKMARK [1][-]{section.23.1}{\376\377\000T\000h\000e\000\040\000V\000a\000n\000n\000\040\000S\000c\000h\000o\000o\000l\000:\000\040\000A\000\040\000H\000i\000s\000t\000o\000r\000y\000\040\000o\000f\000\040\000S\000u\000c\000c\000e\000s\000s\000\040\000i\000n\000\040\000P\000i\000t\000t\000s\000b\000u\000r\000g\000h}{chapter.23}% 145
\BOOKMARK [2][-]{subsection.23.1.1}{\376\377\000A\000u\000d\000i\000o\000\040\000S\000u\000m\000m\000a\000r}{section.23.1}% 146
\BOOKMARK [2][-]{subsection.23.1.2}{\376\377\000T\000r\000a\000n\000s\000c\000r\000i\000p\000t\000i\000o\000n}{section.23.1}% 147
\BOOKMARK [2][-]{subsection.23.1.3}{\376\377\000C\000r\000e\000d\000i\000t\000s}{section.23.1}% 148
\BOOKMARK [1][-]{section.23.2}{\376\377\000N\000e\000w\000\040\000S\000u\000n\000c\000o\000o\000k\000\040\000S\000c\000h\000o\000o\000l\000:\000\040\000A\000c\000h\000i\000e\000v\000e\000m\000e\000n\000t\000\040\000i\000n\000\040\000t\000h\000e\000\040\000W\000o\000o\000d\000s\000\040\000o\000f\000\040\000M\000a\000i\000n\000e}{chapter.23}% 149
\BOOKMARK [2][-]{subsection.23.2.1}{\376\377\000A\000u\000d\000i\000o\000\040\000S\000u\000m\000m\000a\000r\000y}{section.23.2}% 150
\BOOKMARK [2][-]{subsection.23.2.2}{\376\377\000T\000r\000a\000n\000s\000c\000r\000i\000p\000t\000i\000o\000n}{section.23.2}% 151
\BOOKMARK [2][-]{subsection.23.2.3}{\376\377\000C\000r\000e\000d\000i\000t\000s}{section.23.2}% 152
\BOOKMARK [1][-]{section.23.3}{\376\377\000C\000r\000e\000d\000i\000t\000s}{chapter.23}% 153
\BOOKMARK [0][-]{chapter.24}{\376\377\000E\000v\000e\000r\000y\000\040\000C\000h\000i\000l\000d\000\040\000C\000a\000n\000\040\000S\000u\000c\000c\000e\000e\000d\000\040\0006}{}% 154
\BOOKMARK [1][-]{section.24.1}{\376\377\000N\000o\000r\000t\000h\000w\000e\000s\000t\000\040\000P\000a\000s\000s\000a\000g\000e\000s\000:\000\040\000A\000l\000k\000\040\000a\000n\000d\000\040\000B\000e\000a\000c\000o\000n\000\040\000H\000i\000l\000l\000\040\000i\000n\000\040\000S\000e\000a\000t\000t\000l\000e}{chapter.24}% 155
\BOOKMARK [2][-]{subsection.24.1.1}{\376\377\000A\000u\000d\000i\000o\000\040\000S\000u\000m\000m\000a\000r}{section.24.1}% 156
\BOOKMARK [2][-]{subsection.24.1.2}{\376\377\000T\000r\000a\000n\000s\000c\000r\000i\000p\000t\000i\000o\000n}{section.24.1}% 157
\BOOKMARK [2][-]{subsection.24.1.3}{\376\377\000C\000r\000e\000d\000i\000t\000s}{section.24.1}% 158
\BOOKMARK [1][-]{section.24.2}{\376\377\000C\000h\000a\000r\000l\000e\000s\000\040\000R\000i\000c\000e\000\040\000L\000e\000a\000r\000n\000i\000n\000g\000\040\000C\000e\000n\000t\000e\000r\000:\000\040\000a\000n\000\040\000O\000a\000s\000i\000s\000\040\000i\000n\000\040\000D\000a\000l\000l\000a\000s}{chapter.24}% 159
\BOOKMARK [2][-]{subsection.24.2.1}{\376\377\000A\000u\000d\000i\000o\000\040\000S\000u\000m\000m\000a\000r\000y}{section.24.2}% 160
\BOOKMARK [2][-]{subsection.24.2.2}{\376\377\000T\000r\000a\000n\000s\000c\000r\000i\000p\000t\000i\000o\000n}{section.24.2}% 161
\BOOKMARK [2][-]{subsection.24.2.3}{\376\377\000C\000r\000e\000d\000i\000t\000s}{section.24.2}% 162
\BOOKMARK [1][-]{section.24.3}{\376\377\000C\000r\000e\000d\000i\000t\000s}{chapter.24}% 163
\BOOKMARK [0][-]{chapter.25}{\376\377\000E\000v\000e\000r\000y\000\040\000C\000h\000i\000l\000d\000\040\000C\000a\000n\000\040\000S\000u\000c\000c\000e\000e\000d\000\040\0007}{}% 164
\BOOKMARK [1][-]{section.25.1}{\376\377\000L\000.\000\040\000A\000.\000\040\000S\000t\000o\000r\000i\000e\000s\000:\000\040\000B\000e\000n\000n\000e\000t\000-\000K\000e\000w\000\040\000a\000n\000d\000\040\000E\000u\000c\000l\000i\000d\000\040\000A\000v\000e\000n\000u\000e}{chapter.25}% 165
\BOOKMARK [2][-]{subsection.25.1.1}{\376\377\000A\000u\000d\000i\000o\000\040\000S\000u\000m\000m\000a\000r}{section.25.1}% 166
\BOOKMARK [2][-]{subsection.25.1.2}{\376\377\000T\000r\000a\000n\000s\000c\000r\000i\000p\000t\000i\000o\000n}{section.25.1}% 167
\BOOKMARK [2][-]{subsection.25.1.3}{\376\377\000C\000r\000e\000d\000i\000t\000s}{section.25.1}% 168
\BOOKMARK [1][-]{section.25.2}{\376\377\000T\000h\000o\000r\000n\000c\000l\000i\000f\000f\000e\000\040\000C\000o\000m\000m\000u\000n\000i\000t\000y\000\040\000S\000c\000h\000o\000o\000l\000:\000\040\000S\000t\000u\000d\000e\000n\000t\000-\000C\000e\000n\000t\000e\000r\000e\000d\000\040\000L\000e\000a\000r\000n\000i\000n\000g\000\040\000i\000n\000\040\000E\000d\000m\000o\000n\000t\000o\000n}{chapter.25}% 169
\BOOKMARK [2][-]{subsection.25.2.1}{\376\377\000A\000u\000d\000i\000o\000\040\000S\000u\000m\000m\000a\000r\000y}{section.25.2}% 170
\BOOKMARK [2][-]{subsection.25.2.2}{\376\377\000T\000r\000a\000n\000s\000c\000r\000i\000p\000t\000i\000o\000n}{section.25.2}% 171
\BOOKMARK [2][-]{subsection.25.2.3}{\376\377\000C\000r\000e\000d\000i\000t\000s}{section.25.2}% 172
\BOOKMARK [1][-]{section.25.3}{\376\377\000C\000r\000e\000d\000i\000t\000s}{chapter.25}% 173
\BOOKMARK [0][-]{chapter.26}{\376\377\000F\000a\000i\000r\000e\000\040\000G\000a\000m\000e\000s\000\040\000-\000\040\000O\000v\000e\000r\000v\000i\000e\000w}{}% 174
\BOOKMARK [0][-]{chapter.27}{\376\377\000F\000a\000i\000r\000e\000\040\000G\000a\000m\000e\000s\000:\000\040\000L\000a\000n\000g\000u\000a\000g\000e\000\040\000A\000r\000t\000s}{}% 175
\BOOKMARK [0][-]{chapter.28}{\376\377\000F\000a\000i\000r\000e\000\040\000G\000a\000m\000e\000s\000:\000\040\000M\000a\000t\000h\000e\000m\000a\000t\000i\000c\000s}{}% 176
\BOOKMARK [0][-]{chapter.29}{\376\377\000F\000a\000m\000i\000l\000y\000\040\000C\000o\000n\000n\000e\000c\000t\000i\000o\000n\000:\000\040\000A\000\040\000G\000u\000i\000d\000e\000\040\000t\000o\000\040\000L\000i\000g\000h\000t\000s\000p\000a\000n}{}% 177
\BOOKMARK [1][-]{section.29.1}{\376\377\000L\000i\000s\000t\000\040\000o\000f\000\040\000s\000c\000r\000e\000e\000n\000s\000h\000o\000t\000s\000:}{chapter.29}% 178
\BOOKMARK [1][-]{section.29.2}{\376\377\000M\000a\000i\000n\000\040\000M\000e\000n\000u\000\040\000a\000u\000d\000i\000o\000\040\000t\000r\000a\000n\000s\000c\000r\000i\000p\000t\000i\000o\000n}{chapter.29}% 179
\BOOKMARK [1][-]{section.29.3}{\376\377\000I\000n\000t\000r\000o\000d\000u\000c\000i\000n\000g\000\040\000T\000h\000e\000\040\000L\000i\000g\000h\000t\000s\000p\000a\000n\000\040\000P\000a\000r\000t\000n\000e\000r\000s\000h\000i\000p\000\040\000a\000u\000d\000i\000o\000\040\000t\000r\000a\000n\000s\000c\000r\000i\000p\000t\000i\000o\000n}{chapter.29}% 180
\BOOKMARK [1][-]{section.29.4}{\376\377\000P\000o\000w\000e\000r\000f\000u\000l\000\040\000L\000e\000a\000r\000n\000i\000n\000g\000\040\000P\000r\000o\000g\000r\000a\000m\000s\000\040\000a\000u\000d\000i\000o\000\040\000t\000r\000a\000n\000s\000c\000r\000i\000p\000t\000i\000o\000n}{chapter.29}% 181
\BOOKMARK [1][-]{section.29.5}{\376\377\000L\000i\000g\000h\000t\000s\000p\000a\000n\000\040\000A\000d\000v\000e\000n\000t\000u\000r\000e\000s\000:\000\040\000G\000r\000a\000d\000e\000s\000\040\000K\000-\0002\000\040\000a\000u\000d\000i\000o\000\040\000t\000r\000a\000n\000s\000c\000r\000i\000p\000t\000i\000o\000n}{chapter.29}% 182
\BOOKMARK [1][-]{section.29.6}{\376\377\000A\000d\000d\000i\000t\000i\000o\000n\000a\000l\000\040\000V\000i\000d\000e\000o\000s}{chapter.29}% 183
\BOOKMARK [2][-]{subsection.29.6.1}{\376\377\000R\000e\000a\000d\000i\000n\000g\000/\000L\000a\000n\000g\000u\000a\000g\000e\000\040\000A\000r\000t\000:\000\040\000M\000a\000r\000s\000\040\000M\000o\000o\000s\000e}{section.29.6}% 184
\BOOKMARK [2][-]{subsection.29.6.2}{\376\377\000M\000a\000t\000h\000e\000m\000a\000t\000i\000c\000s\000:\000\040\000T\000h\000e\000\040\000S\000e\000c\000r\000e\000t\000\040\000o\000f\000\040\000G\000o\000o\000g\000o\000l}{section.29.6}% 185
\BOOKMARK [1][-]{section.29.7}{\376\377\000L\000i\000g\000h\000t\000s\000p\000a\000n\000\040\000A\000d\000v\000e\000n\000t\000u\000r\000e\000s\000:\000\040\000G\000r\000a\000d\000e\000s\000\040\0003\000\040\000\046\000\040\0004\000\040\000a\000u\000d\000i\000o\000\040\000t\000r\000a\000n\000s\000c\000r\000i\000p\000t\000i\000o\000n}{chapter.29}% 186
\BOOKMARK [2][-]{subsection.29.7.1}{\376\377\000R\000e\000a\000d\000i\000n\000g\000/\000L\000a\000n\000g\000u\000a\000g\000e\000\040\000A\000r\000t\000s\000:\000\040\000M\000o\000n\000a\000\040\000\046\000\040\000M\000o\000k\000i}{section.29.7}% 187
\BOOKMARK [2][-]{subsection.29.7.2}{\376\377\000M\000a\000t\000h\000e\000m\000a\000t\000i\000c\000s\000:\000\040\000Q\000u\000a\000d\000d\000l\000e\000\040\000F\000a\000m\000i\000l\000y\000\040\000M\000y\000s\000t\000e\000r\000i\000e\000s}{section.29.7}% 188
\BOOKMARK [1][-]{section.29.8}{\376\377\000L\000i\000g\000h\000t\000s\000p\000a\000n\000\040\000A\000d\000v\000e\000n\000t\000u\000r\000e\000s\000:\000\040\000G\000r\000a\000d\000e\000s\000\040\0005\000\040\000\046\000\040\0006\000\040\000a\000u\000d\000i\000o\000\040\000t\000r\000a\000n\000s\000c\000r\000i\000p\000t\000i\000o\000n}{chapter.29}% 189
\BOOKMARK [2][-]{subsection.29.8.1}{\376\377\000M\000a\000t\000h\000e\000m\000a\000t\000i\000c\000s\000:\000\040\000T\000i\000m\000e\000l\000e\000s\000s\000\040\000M\000a\000t\000h}{section.29.8}% 190
\BOOKMARK [2][-]{subsection.29.8.2}{\376\377\000R\000e\000a\000d\000i\000n\000g\000/\000L\000a\000n\000g\000u\000a\000g\000e\000\040\000A\000r\000t\000s\000:\000\040\000s\000t\000r\000.\000a\000t\000.\000e\000s}{section.29.8}% 191
\BOOKMARK [0][-]{chapter.30}{\376\377\000H\000e\000a\000d\000\040\000T\000o\000\040\000T\000o\000e\000\040\000O\000v\000e\000r\000v\000i\000e\000w}{}% 192
\BOOKMARK [0][-]{chapter.31}{\376\377\000H\000e\000a\000d\000\040\000T\000o\000\040\000T\000o\000e\000\040\0001}{}% 193
\BOOKMARK [1][-]{section.31.1}{\376\377\000I\000n\000\040\000t\000h\000e\000\040\000B\000e\000g\000i\000n\000n\000i\000n\000g}{chapter.31}% 194
\BOOKMARK [2][-]{subsection.31.1.1}{\376\377\000A\000u\000d\000i\000o\000\040\000S\000u\000m\000m\000a\000r}{section.31.1}% 195
\BOOKMARK [2][-]{subsection.31.1.2}{\376\377\000T\000r\000a\000n\000s\000c\000r\000i\000p\000t\000i\000o\000n}{section.31.1}% 196
\BOOKMARK [2][-]{subsection.31.1.3}{\376\377\000C\000r\000e\000d\000i\000t\000s}{section.31.1}% 197
\BOOKMARK [1][-]{section.31.2}{\376\377\000C\000e\000l\000l\000s\040\046\000Y\000o\000u\000r\000\040\000S\000t\000a\000r\000t\000i\000n\000g\000\040\000P\000l\000a\000c\000e}{chapter.31}% 198
\BOOKMARK [2][-]{subsection.31.2.1}{\376\377\000A\000u\000d\000i\000o\000\040\000S\000u\000m\000m\000a\000r\000y}{section.31.2}% 199
\BOOKMARK [2][-]{subsection.31.2.2}{\376\377\000T\000r\000a\000n\000s\000c\000r\000i\000p\000t\000i\000o\000n}{section.31.2}% 200
\BOOKMARK [2][-]{subsection.31.2.3}{\376\377\000C\000r\000e\000d\000i\000t\000s}{section.31.2}% 201
\BOOKMARK [1][-]{section.31.3}{\376\377\000I\000n\000\040\000a\000\040\000H\000e\000a\000r\000t\000b\000e\000a\000t}{chapter.31}% 202
\BOOKMARK [2][-]{subsection.31.3.1}{\376\377\000A\000u\000d\000i\000o\000\040\000S\000u\000m\000m\000a\000r\000y}{section.31.3}% 203
\BOOKMARK [2][-]{subsection.31.3.2}{\376\377\000T\000r\000a\000n\000s\000c\000r\000i\000p\000t\000i\000o\000n}{section.31.3}% 204
\BOOKMARK [2][-]{subsection.31.3.3}{\376\377\000C\000r\000e\000d\000i\000t\000s}{section.31.3}% 205
\BOOKMARK [1][-]{section.31.4}{\376\377\000M\000u\000s\000c\000l\000e\000s\040\046\000H\000o\000l\000d\000i\000n\000g\000\040\000Y\000o\000u\000\040\000T\000o\000g\000e\000t\000h\000e\000r}{chapter.31}% 206
\BOOKMARK [2][-]{subsection.31.4.1}{\376\377\000A\000u\000d\000i\000o\000\040\000S\000u\000m\000m\000a\000r\000y}{section.31.4}% 207
\BOOKMARK [2][-]{subsection.31.4.2}{\376\377\000T\000r\000a\000n\000s\000c\000r\000i\000p\000t\000i\000o\000n}{section.31.4}% 208
\BOOKMARK [2][-]{subsection.31.4.3}{\376\377\000C\000r\000e\000d\000i\000t\000s}{section.31.4}% 209
\BOOKMARK [1][-]{section.31.5}{\376\377\000C\000r\000e\000d\000i\000t\000s}{chapter.31}% 210
\BOOKMARK [0][-]{chapter.32}{\376\377\000H\000e\000a\000d\000\040\000T\000o\000\040\000T\000o\000e\000\040\0002}{}% 211
\BOOKMARK [1][-]{section.32.1}{\376\377\000S\000t\000a\000n\000d\000i\000n\000g\000\040\000T\000a\000l\000l}{chapter.32}% 212
\BOOKMARK [2][-]{subsection.32.1.1}{\376\377\000A\000u\000d\000i\000o\000\040\000S\000u\000m\000m\000a\000r}{section.32.1}% 213
\BOOKMARK [2][-]{subsection.32.1.2}{\376\377\000T\000r\000a\000n\000s\000c\000r\000i\000p\000t\000i\000o\000n}{section.32.1}% 214
\BOOKMARK [2][-]{subsection.32.1.3}{\376\377\000C\000r\000e\000d\000i\000t\000s}{section.32.1}% 215
\BOOKMARK [1][-]{section.32.2}{\376\377\000F\000r\000e\000s\000h\000\040\000A\000i\000r}{chapter.32}% 216
\BOOKMARK [2][-]{subsection.32.2.1}{\376\377\000A\000u\000d\000i\000o\000\040\000S\000u\000m\000m\000a\000r\000y}{section.32.2}% 217
\BOOKMARK [2][-]{subsection.32.2.2}{\376\377\000T\000r\000a\000n\000s\000c\000r\000i\000p\000t\000i\000o\000n}{section.32.2}% 218
\BOOKMARK [2][-]{subsection.32.2.3}{\376\377\000C\000r\000e\000d\000i\000t\000s}{section.32.2}% 219
\BOOKMARK [1][-]{section.32.3}{\376\377\000F\000u\000e\000l\000i\000n\000g\000\040\000U\000p}{chapter.32}% 220
\BOOKMARK [2][-]{subsection.32.3.1}{\376\377\000A\000u\000d\000i\000o\000\040\000S\000u\000m\000m\000a\000r\000y}{section.32.3}% 221
\BOOKMARK [2][-]{subsection.32.3.2}{\376\377\000T\000r\000a\000n\000s\000c\000r\000i\000p\000t\000i\000o\000n}{section.32.3}% 222
\BOOKMARK [2][-]{subsection.32.3.3}{\376\377\000C\000r\000e\000d\000i\000t\000s}{section.32.3}% 223
\BOOKMARK [1][-]{section.32.4}{\376\377\000F\000r\000o\000m\000\040\000F\000u\000e\000l\000\040\000t\000o\000\040\000W\000a\000s\000t\000e}{chapter.32}% 224
\BOOKMARK [2][-]{subsection.32.4.1}{\376\377\000A\000u\000d\000i\000o\000\040\000S\000u\000m\000m\000a\000r\000y}{section.32.4}% 225
\BOOKMARK [2][-]{subsection.32.4.2}{\376\377\000T\000r\000a\000n\000s\000c\000r\000i\000p\000t\000i\000o\000n}{section.32.4}% 226
\BOOKMARK [2][-]{subsection.32.4.3}{\376\377\000C\000r\000e\000d\000i\000t\000s}{section.32.4}% 227
\BOOKMARK [1][-]{section.32.5}{\376\377\000C\000r\000e\000d\000i\000t\000s}{chapter.32}% 228
\BOOKMARK [0][-]{chapter.33}{\376\377\000H\000e\000a\000d\000\040\000T\000o\000\040\000T\000o\000e\000\040\0003}{}% 229
\BOOKMARK [1][-]{section.33.1}{\376\377\000C\000o\000n\000t\000r\000o\000l\000\040\000C\000e\000n\000t\000e\000r}{chapter.33}% 230
\BOOKMARK [2][-]{subsection.33.1.1}{\376\377\000A\000u\000d\000i\000o\000\040\000S\000u\000m\000m\000a\000r}{section.33.1}% 231
\BOOKMARK [2][-]{subsection.33.1.2}{\376\377\000T\000r\000a\000n\000s\000c\000r\000i\000p\000t\000i\000o\000n}{section.33.1}% 232
\BOOKMARK [2][-]{subsection.33.1.3}{\376\377\000C\000r\000e\000d\000i\000t\000s}{section.33.1}% 233
\BOOKMARK [1][-]{section.33.2}{\376\377\000F\000i\000g\000h\000t\000i\000n\000g\000\040\000G\000e\000r\000m\000s\000\040\000a\000n\000d\000\040\000D\000i\000s\000e\000a\000s\000e\000s}{chapter.33}% 234
\BOOKMARK [2][-]{subsection.33.2.1}{\376\377\000A\000u\000d\000i\000o\000\040\000S\000u\000m\000m\000a\000r\000y}{section.33.2}% 235
\BOOKMARK [2][-]{subsection.33.2.2}{\376\377\000T\000r\000a\000n\000s\000c\000r\000i\000p\000t\000i\000o\000n}{section.33.2}% 236
\BOOKMARK [2][-]{subsection.33.2.3}{\376\377\000C\000r\000e\000d\000i\000t\000s}{section.33.2}% 237
\BOOKMARK [1][-]{section.33.3}{\376\377\000S\000o\000u\000n\000d\000s}{chapter.33}% 238
\BOOKMARK [2][-]{subsection.33.3.1}{\376\377\000A\000u\000d\000i\000o\000\040\000S\000u\000m\000m\000a\000r\000y}{section.33.3}% 239
\BOOKMARK [2][-]{subsection.33.3.2}{\376\377\000T\000r\000a\000n\000s\000c\000r\000i\000p\000t\000i\000o\000n}{section.33.3}% 240
\BOOKMARK [2][-]{subsection.33.3.3}{\376\377\000C\000r\000e\000d\000i\000t\000s}{section.33.3}% 241
\BOOKMARK [1][-]{section.33.4}{\376\377\000S\000i\000g\000h\000t\000s}{chapter.33}% 242
\BOOKMARK [2][-]{subsection.33.4.1}{\376\377\000A\000u\000d\000i\000o\000\040\000S\000u\000m\000m\000a\000r\000y}{section.33.4}% 243
\BOOKMARK [2][-]{subsection.33.4.2}{\376\377\000T\000r\000a\000n\000s\000c\000r\000i\000p\000t\000i\000o\000n}{section.33.4}% 244
\BOOKMARK [2][-]{subsection.33.4.3}{\376\377\000C\000r\000e\000d\000i\000t\000s}{section.33.4}% 245
\BOOKMARK [1][-]{section.33.5}{\376\377\000C\000r\000e\000d\000i\000t\000s}{chapter.33}% 246
\BOOKMARK [0][-]{chapter.34}{\376\377\000H\000e\000a\000d\000\040\000T\000o\000\040\000T\000o\000e\000\040\0004}{}% 247
\BOOKMARK [1][-]{section.34.1}{\376\377\000A\000\040\000H\000e\000a\000l\000t\000h\000y\000\040\000S\000m\000i\000l\000e}{chapter.34}% 248
\BOOKMARK [2][-]{subsection.34.1.1}{\376\377\000A\000u\000d\000i\000o\000\040\000S\000u\000m\000m\000a\000r}{section.34.1}% 249
\BOOKMARK [2][-]{subsection.34.1.2}{\376\377\000T\000r\000a\000n\000s\000c\000r\000i\000p\000t\000i\000o\000n}{section.34.1}% 250
\BOOKMARK [2][-]{subsection.34.1.3}{\376\377\000C\000r\000e\000d\000i\000t\000s}{section.34.1}% 251
\BOOKMARK [1][-]{section.34.2}{\376\377\000S\000t\000a\000y\000i\000n\000g\000\040\000H\000e\000a\000l\000t\000h\000y}{chapter.34}% 252
\BOOKMARK [2][-]{subsection.34.2.1}{\376\377\000A\000u\000d\000i\000o\000\040\000S\000u\000m\000m\000a\000r\000y}{section.34.2}% 253
\BOOKMARK [2][-]{subsection.34.2.2}{\376\377\000T\000r\000a\000n\000s\000c\000r\000i\000p\000t\000i\000o\000n}{section.34.2}% 254
\BOOKMARK [2][-]{subsection.34.2.3}{\376\377\000C\000r\000e\000d\000i\000t\000s}{section.34.2}% 255
\BOOKMARK [1][-]{section.34.3}{\376\377\000S\000a\000f\000e\000t\000y\000\040\000F\000i\000r\000s\000t}{chapter.34}% 256
\BOOKMARK [2][-]{subsection.34.3.1}{\376\377\000A\000u\000d\000i\000o\000\040\000S\000u\000m\000m\000a\000r\000y}{section.34.3}% 257
\BOOKMARK [2][-]{subsection.34.3.2}{\376\377\000T\000r\000a\000n\000s\000c\000r\000i\000p\000t\000i\000o\000n}{section.34.3}% 258
\BOOKMARK [2][-]{subsection.34.3.3}{\376\377\000C\000r\000e\000d\000i\000t\000s}{section.34.3}% 259
\BOOKMARK [1][-]{section.34.4}{\376\377\000C\000r\000e\000d\000i\000t\000s}{chapter.34}% 260
\BOOKMARK [0][-]{chapter.35}{\376\377\000K\0009\000.\0005\000\040\000-\000\040\000O\000v\000e\000r\000v\000i\000e\000w}{}% 261
\BOOKMARK [0][-]{chapter.36}{\376\377\000K\0009\000.\0005\000:\000\040\000L\000i\000v\000i\000n\000g\000\040\000i\000n\000\040\000A\000i\000r\000e\000d\000a\000l\000e}{}% 262
\BOOKMARK [0][-]{chapter.37}{\376\377\000K\0009\000.\0005\000:\000\040\000T\000h\000e\000\040\000H\000o\000l\000l\000y\000w\000o\000o\000d\000\040\000P\000r\000e\000m\000i\000e\000r\000e}{}% 263
\BOOKMARK [0][-]{chapter.38}{\376\377\000K\0009\000.\0005\000:\000\040\000T\000h\000e\000\040\000T\000a\000i\000l\000-\000W\000a\000g\000\040\000T\000o\000u\000r}{}% 264
\BOOKMARK [0][-]{chapter.39}{\376\377\000K\0009\000.\0005\000:\000\040\000W\000e\000\040\000a\000r\000e\000\040\000t\000h\000e\000\040\000D\000o\000g\000s}{}% 265
\BOOKMARK [0][-]{chapter.40}{\376\377\000K\0009\000.\0005\000:\000\040\000W\000e\000b\000t\000u\000n\000e\000s}{}% 266
\BOOKMARK [0][-]{chapter.41}{\376\377\000K\000a\000z\000M\000a\000n\000i\000a\000\040\000-\000\040\000O\000v\000e\000r\000v\000i\000e\000w}{}% 267
\BOOKMARK [0][-]{chapter.42}{\376\377\000K\000a\000z\000M\000a\000n\000i\000a\000:\000\040\000C\000h\000a\000o\000s\000\040\000i\000n\000\040\000K\000a\000z\000M\000a\000n\000i\000a}{}% 268
\BOOKMARK [0][-]{chapter.43}{\376\377\000K\000a\000z\000M\000a\000n\000i\000a\000:\000\040\000T\000r\000a\000i\000n\000\040\000o\000f\000\040\000G\000e\000m\000s}{}% 269
\BOOKMARK [0][-]{chapter.44}{\376\377\000L\000i\000q\000u\000i\000d\000\040\000B\000o\000o\000k\000s\000\040\000-\000\040\000O\000v\000e\000r\000v\000i\000e\000w}{}% 270
\BOOKMARK [0][-]{chapter.45}{\376\377\000L\000i\000q\000u\000i\000d\000\040\000B\000o\000o\000k\000s\000\040\000-\000\040\000A\000m\000r\000i\000t\000a\000'\000s\000\040\000T\000r\000e\000e\000\040\000C\000r\000e\000d\000i\000t\000o\000\040\000a\000n\000d\000\040\000T\000h\000e\000\040\000C\000o\000y\000o\000t\000e}{}% 271
\BOOKMARK [0][-]{chapter.46}{\376\377\000L\000i\000q\000u\000i\000d\000\040\000B\000o\000o\000k\000s\000\040\000-\000\040\000F\000a\000r\000-\000F\000e\000t\000c\000h\000e\000d\000\040\000F\000r\000o\000n\000t\000i\000e\000r\000\040\000T\000a\000l\000e\000s}{}% 272
\BOOKMARK [0][-]{chapter.47}{\376\377\000L\000i\000q\000u\000i\000d\000\040\000B\000o\000o\000k\000s\000\040\000-\000\040\000L\000e\000t\000t\000y\000'\000s\000\040\000F\000a\000v\000o\000u\000r\000i\000t\000e\000\040\000S\000t\000o\000r\000i\000e\000s}{}% 273
\BOOKMARK [0][-]{chapter.48}{\376\377\000L\000i\000q\000u\000i\000d\000\040\000B\000o\000o\000k\000s\000\040\000-\000\040\000P\000o\000p\000-\000O\000u\000t\000\040\000P\000r\000o\000s\000e}{}% 274
\BOOKMARK [0][-]{chapter.49}{\376\377\000L\000i\000q\000u\000i\000d\000\040\000B\000o\000o\000k\000s\000\040\000-\000\040\000T\000h\000e\000\040\000A\000d\000v\000e\000n\000t\000u\000r\000e\000s\000\040\000o\000f\000\040\000A\000d\000e\000l\000i\000t\000a\000\040\000a\000n\000d\000\040\000B\000o}{}% 275
\BOOKMARK [0][-]{chapter.50}{\376\377\000L\000i\000q\000u\000i\000d\000\040\000B\000o\000o\000k\000s\000\040\000-\000\040\000T\000h\000e\000\040\000W\000a\000n\000d\000e\000r\000i\000n\000g\000\040\000P\000a\000t\000h}{}% 276
\BOOKMARK [0][-]{chapter.51}{\376\377\000M\000a\000r\000s\000\040\000M\000o\000o\000s\000e\000\040\000-\000\040\000O\000v\000e\000r\000v\000i\000e\000w}{}% 277
\BOOKMARK [0][-]{chapter.52}{\376\377\000M\000a\000r\000s\000\040\000M\000o\000o\000s\000e\000\040\000C\000o\000s\000m\000i\000c\000\040\000Q\000u\000e\000s\000t\000\040\0001\000:\000\040\000C\000i\000t\000y\000\040\000S\000i\000g\000h\000t\000s}{}% 278
\BOOKMARK [0][-]{chapter.53}{\376\377\000M\000a\000r\000s\000\040\000M\000o\000o\000s\000e\000\040\000C\000o\000s\000m\000i\000c\000\040\000Q\000u\000e\000s\000t\000\040\0002\000:\000\040\000F\000a\000i\000r\000y\000\040\000T\000a\000l\000e\000\040\000I\000s\000l\000a\000n\000d}{}% 279
\BOOKMARK [0][-]{chapter.54}{\376\377\000M\000a\000r\000s\000\040\000M\000o\000o\000s\000e\000\040\000C\000o\000s\000m\000i\000c\000\040\000Q\000u\000e\000s\000t\000\040\0003\000:\000\040\000R\000a\000c\000e\000\040\000T\000h\000r\000o\000u\000g\000h\000\040\000F\000r\000a\000n\000c\000e}{}% 280
\BOOKMARK [0][-]{chapter.55}{\376\377\000M\000a\000r\000s\000\040\000M\000o\000o\000s\000e\000\040\000S\000t\000a\000y\000\040\000\046\000\040\000P\000l\000a\000y\000\040\0001\000:\000\040\000I\000n\000\040\000t\000h\000e\000\040\000C\000l\000u\000b\000h\000o\000u\000s\000e}{}% 281
\BOOKMARK [0][-]{chapter.56}{\376\377\000M\000a\000r\000s\000\040\000M\000o\000o\000s\000e\000\040\000S\000t\000a\000y\000\040\000\046\000\040\000P\000l\000a\000y\000\040\0002\000:\000\040\000I\000n\000\040\000M\000a\000r\000s\000'\000\040\000B\000e\000d\000r\000o\000o\000m}{}% 282
\BOOKMARK [0][-]{chapter.57}{\376\377\000M\000a\000r\000s\000\040\000M\000o\000o\000s\000e\000\040\000S\000t\000a\000y\000\040\000\046\000\040\000P\000l\000a\000y\000\040\0003\000:\000\040\000I\000n\000\040\000L\000o\000n\000n\000i\000e\000'\000s\000\040\000C\000l\000a\000s\000s\000r\000o\000o\000m}{}% 283
\BOOKMARK [0][-]{chapter.58}{\376\377\000M\000a\000r\000s\000\040\000M\000o\000o\000s\000e\000\040\000W\000a\000l\000k\000a\000b\000o\000u\000t\000\040\0001\000:\000\040\000T\000h\000e\000\040\000N\000a\000t\000u\000r\000a\000l\000\040\000H\000i\000s\000t\000o\000r\000y\000\040\000M\000u\000s\000e\000u\000m}{}% 284
\BOOKMARK [0][-]{chapter.59}{\376\377\000M\000a\000r\000s\000\040\000M\000o\000o\000s\000e\000\040\000W\000a\000l\000k\000a\000b\000o\000u\000t\000\040\0003\000:\000\040\000W\000o\000r\000l\000d\000\040\000S\000p\000o\000r\000t\000s\000\040\000D\000a\000y}{}% 285
\BOOKMARK [0][-]{chapter.60}{\376\377\000O\000n\000l\000i\000n\000e\000\040\000C\000o\000n\000n\000e\000c\000t\000i\000o\000n\000\040\000C\000D}{}% 286
\BOOKMARK [1][-]{section.60.1}{\376\377\000O\000v\000e\000r\000v\000i\000e\000w}{chapter.60}% 287
\BOOKMARK [0][-]{chapter.61}{\376\377\000R\000o\000a\000d\000\040\000W\000r\000i\000t\000e\000r}{}% 288
\BOOKMARK [1][-]{section.61.1}{\376\377\000T\000r\000a\000n\000s\000c\000r\000i\000p\000t\000i\000o\000n\000s}{chapter.61}% 289
\BOOKMARK [2][-]{subsection.61.1.1}{\376\377\000H\000o\000m\000e\000\040\000S\000c\000r\000e\000e\000n\000\040\000-\000\040\000C\000h\000a\000u\000c\000e\000r}{section.61.1}% 290
\BOOKMARK [2][-]{subsection.61.1.2}{\376\377\000H\000o\000m\000e\000\040\000S\000c\000r\000e\000e\000n\000\040\000-\000\040\000R\000a\000l\000p\000h}{section.61.1}% 291
\BOOKMARK [2][-]{subsection.61.1.3}{\376\377\000H\000o\000m\000e\000\040\000S\000c\000r\000e\000e\000n\000\040\000-\000\040\000G\000w\000y\000n}{section.61.1}% 292
\BOOKMARK [2][-]{subsection.61.1.4}{\376\377\000H\000o\000m\000e\000\040\000S\000c\000r\000e\000e\000n\000\040\000-\000\040\000M\000i\000g\000u\000e\000l}{section.61.1}% 293
\BOOKMARK [2][-]{subsection.61.1.5}{\376\377\000R\000o\000a\000d\000\040\000W\000r\000i\000t\000e\000r\000\040\000S\000o\000n\000g}{section.61.1}% 294
\BOOKMARK [1][-]{section.61.2}{\376\377\000C\000r\000e\000d\000i\000t\000s}{chapter.61}% 295
\BOOKMARK [0][-]{chapter.62}{\376\377\000W\000r\000i\000t\000e\000\040\000A\000w\000a\000y\000\040\000-\000\040\000O\000v\000e\000r\000v\000i\000e\000w}{}% 296
\BOOKMARK [0][-]{chapter.63}{\376\377\000W\000r\000i\000t\000e\000\040\000A\000w\000a\000y\000\040\0001}{}% 297
\BOOKMARK [1][-]{section.63.1}{\376\377\000T\000r\000a\000n\000s\000c\000r\000i\000p\000t\000i\000o\000n\000s}{chapter.63}% 298
\BOOKMARK [2][-]{subsection.63.1.1}{\376\377\000T\000h\000e\000\040\000M\000a\000g\000i\000c\000\040\000U\000m\000b\000r\000e\000l\000l\000a\000\040\000b\000y\000\040\000D\000e\000e\000a\000n\000a\000\040\000D\000o\000w\000n\000e\000s}{section.63.1}% 299
\BOOKMARK [2][-]{subsection.63.1.2}{\376\377\000I\000n\000\040\000M\000y\000\040\000D\000e\000s\000k\000\040\000b\000y\000\040\000J\000o\000n\000a\000t\000h\000a\000n\000\040\000G\000a\000r\000c\000i\000a}{section.63.1}% 300
\BOOKMARK [2][-]{subsection.63.1.3}{\376\377\000B\000a\000b\000y\000\040\000N\000a\000t\000h\000a\000n\000\040\000b\000y\000\040\000M\000r\000s\000.\000\040\000B\000r\000o\000z\000d\000a\000'\000s\000\040\000S\000e\000c\000o\000n\000d\000\040\000G\000r\000a\000d\000e\000\040\000C\000l\000a\000s\000s}{section.63.1}% 301
\BOOKMARK [2][-]{subsection.63.1.4}{\376\377\000W\000o\000n\000d\000e\000r\000\040\000P\000a\000r\000r\000o\000t\000\040\000b\000y\000\040\000D\000e\000r\000e\000k\000\040\000L\000a\000w\000s\000o\000n}{section.63.1}% 302
\BOOKMARK [2][-]{subsection.63.1.5}{\376\377\000T\000h\000e\000\040\000B\000u\000t\000t\000e\000r\000f\000l\000y\000\040\000B\000a\000s\000k\000e\000t\000\040\000b\000y\000\040\000A\000n\000n\000e\000\040\000M\000c\000C\000o\000r\000k\000h\000i\000l\000l}{section.63.1}% 303
\BOOKMARK [2][-]{subsection.63.1.6}{\376\377\000T\000e\000a\000m\000\040\000W\000o\000r\000k\000\040\000b\000y\000\040\000Z\000a\000c\000h\000a\000r\000y\000\040\000F\000r\000a\000n\000k}{section.63.1}% 304
\BOOKMARK [2][-]{subsection.63.1.7}{\376\377\000T\000h\000e\000\040\000M\000i\000x\000e\000d\000\040\000U\000p\000\040\000G\000o\000o\000g\000l\000e\000s\000\040\000b\000y\000\040\000A\000n\000n\000a\000\040\000B\000e\000l\000l\000\040\000a\000n\000d\000\040\000S\000a\000r\000a\000h\000\040\000B\000e\000r\000r\000y}{section.63.1}% 305
\BOOKMARK [2][-]{subsection.63.1.8}{\376\377\000T\000h\000e\000\040\000B\000o\000y\000\040\000W\000h\000o\000\040\000W\000e\000n\000t\000\040\000I\000n\000t\000o\000\040\000S\000p\000a\000c\000e\000\040\000b\000y\000\040\000N\000i\000c\000o\000l\000a\000s\000\040\000A\000l\000l\000e\000n}{section.63.1}% 306
\BOOKMARK [2][-]{subsection.63.1.9}{\376\377\000W\000r\000i\000t\000e\000\040\000A\000w\000a\000y\000\040\000C\000o\000n\000c\000l\000u\000s\000i\000o\000n}{section.63.1}% 307
\BOOKMARK [1][-]{section.63.2}{\376\377\000C\000r\000e\000d\000i\000t\000s}{chapter.63}% 308
\BOOKMARK [0][-]{chapter.64}{\376\377\000W\000r\000i\000t\000e\000\040\000A\000w\000a\000y\000\040\0002}{}% 309
\BOOKMARK [1][-]{section.64.1}{\376\377\000T\000r\000a\000n\000s\000c\000r\000i\000p\000t\000i\000o\000n\000s}{chapter.64}% 310
\BOOKMARK [2][-]{subsection.64.1.1}{\376\377\000T\000h\000e\000\040\000S\000p\000a\000c\000e\000\040\000A\000d\000v\000e\000n\000t\000u\000r\000e\000\040\000b\000y\000\040\000E\000m\000i\000l\000y\000\040\000B\000a\000r\000k\000e\000l\000e\000w\000\040\000\046\000\040\000A\000l\000e\000x\000a\000n\000d\000r\000a\000\040\000G\000i\000b\000n\000e\000y}{section.64.1}% 311
\BOOKMARK [2][-]{subsection.64.1.2}{\376\377\000I\000\040\000H\000a\000t\000e\000\040\000t\000h\000e\000\040\000F\000a\000l\000l\000\040\000b\000y\000\040\000S\000t\000e\000p\000h\000a\000n\000i\000e\000\040\000S\000e\000n\000t\000e\000l}{section.64.1}% 312
\BOOKMARK [2][-]{subsection.64.1.3}{\376\377\000T\000h\000e\000\040\000M\000o\000n\000s\000t\000e\000r\000\040\000T\000h\000a\000t\000\040\000J\000e\000a\000n\000\040\000S\000c\000a\000r\000e\000d\000\040\000b\000y\000\040\000J\000e\000a\000n\000\040\000L\000o\000w\000r\000e\000y}{section.64.1}% 313
\BOOKMARK [2][-]{subsection.64.1.4}{\376\377\000H\000o\000w\000\040\000t\000o\000\040\000B\000r\000u\000s\000h\000\040\000Y\000o\000u\000r\000\040\000T\000e\000e\000t\000h\000\040\000b\000y\000\040\000J\000o\000h\000n\000\040\000K\000n\000i\000g\000h\000t}{section.64.1}% 314
\BOOKMARK [2][-]{subsection.64.1.5}{\376\377\000H\000a\000i\000r\000\040\000b\000y\000\040\000B\000r\000i\000t\000t\000a\000n\000y\000\040\000C\000a\000n\000t\000r\000e\000l\000l}{section.64.1}% 315
\BOOKMARK [2][-]{subsection.64.1.6}{\376\377\000F\000r\000a\000s\000i\000e\000r\000'\000s\000\040\000B\000i\000g\000\040\000W\000e\000e\000k\000e\000n\000d\000\040\000b\000y\000\040\000C\000l\000a\000r\000k\000\040\000M\000u\000n\000s\000o\000n}{section.64.1}% 316
\BOOKMARK [2][-]{subsection.64.1.7}{\376\377\000C\000h\000e\000s\000t\000e\000r\000\040\000t\000h\000e\000\040\000C\000r\000o\000c\000o\000d\000i\000l\000e\000\040\000b\000y\000\040\000M\000s\000.\000\040\000B\000r\000o\000z\000d\000a\000'\000s\000\040\000C\000l\000a\000s\000s}{section.64.1}% 317
\BOOKMARK [2][-]{subsection.64.1.8}{\376\377\000B\000r\000a\000t\000t\000y\000l\000o\000c\000k\000s\000\040\000b\000y\000\040\000M\000e\000r\000e\000d\000i\000t\000h\000\040\000S\000u\000t\000t\000o\000n}{section.64.1}% 318
\BOOKMARK [2][-]{subsection.64.1.9}{\376\377\000W\000r\000i\000t\000e\000\040\000A\000w\000a\000y\000\040\000C\000o\000n\000c\000l\000u\000s\000i\000o\000n}{section.64.1}% 319
\BOOKMARK [1][-]{section.64.2}{\376\377\000C\000r\000e\000d\000i\000t\000s}{chapter.64}% 320
\BOOKMARK [0][-]{chapter.65}{\376\377\000W\000r\000i\000t\000e\000\040\000A\000w\000a\000y\000\040\0003}{}% 321
\BOOKMARK [1][-]{section.65.1}{\376\377\000T\000r\000a\000n\000s\000c\000r\000i\000p\000t\000i\000o\000n}{chapter.65}% 322
\BOOKMARK [2][-]{subsection.65.1.1}{\376\377\000F\000l\000u\000f\000f\000y\000\040\000t\000h\000e\000\040\000S\000n\000o\000w\000m\000a\000n\000\040\000b\000y\000\040\000D\000o\000y\000l\000e\000\040\000B\000o\000n\000a\000d\000u\000c\000e}{section.65.1}% 323
\BOOKMARK [2][-]{subsection.65.1.2}{\376\377\000T\000h\000e\000\040\000B\000u\000n\000n\000y\000\040\000T\000h\000a\000t\000\040\000C\000r\000i\000e\000d\000\040\000b\000y\000\040\000S\000a\000m\000a\000n\000t\000h\000a\000\040\000A\000n\000d\000e\000r\000s\000o\000n}{section.65.1}% 324
\BOOKMARK [2][-]{subsection.65.1.3}{\376\377\000W\000i\000l\000d\000\040\000W\000y\000o\000m\000i\000n\000g\000\040\000b\000y\000\040\000C\000h\000a\000r\000l\000e\000s\000\040\000B\000a\000r\000r\000y\000m\000a\000n\000\040\000\046\000\040\000A\000n\000s\000l\000e\000y\000\040\000S\000t\000e\000w\000a\000r\000t}{section.65.1}% 325
\BOOKMARK [2][-]{subsection.65.1.4}{\376\377\000P\000i\000z\000z\000a\000\040\000b\000y\000\040\000G\000r\000e\000g\000\040\000H\000e\000r\000n\000a\000n\000d\000e\000z}{section.65.1}% 326
\BOOKMARK [2][-]{subsection.65.1.5}{\376\377\000H\000a\000l\000l\000o\000w\000e\000e\000n\000\040\000M\000y\000s\000t\000e\000r\000y\000\040\000b\000y\000\040\000J\000u\000l\000i\000e\000\040\000C\000h\000e\000n}{section.65.1}% 327
\BOOKMARK [2][-]{subsection.65.1.6}{\376\377\000T\000h\000e\000\040\000B\000o\000y\000\040\000a\000n\000d\000\040\000t\000h\000e\000\040\000A\000l\000i\000e\000n\000\040\000b\000y\000\040\000B\000r\000a\000n\000d\000o\000n\000\040\000W\000a\000l\000k\000e\000r}{section.65.1}% 328
\BOOKMARK [2][-]{subsection.65.1.7}{\376\377\000T\000h\000e\000\040\000B\000o\000s\000s\000y\000\040\000P\000r\000i\000n\000c\000e\000s\000s\000\040\000b\000y\000\040\000C\000h\000r\000i\000s\000\040\000J\000a\000c\000k\000s\000o\000n}{section.65.1}% 329
\BOOKMARK [2][-]{subsection.65.1.8}{\376\377\000O\000b\000t\000u\000s\000e\000\040\000M\000a\000n\000\040\000a\000n\000d\000\040\000S\000q\000u\000a\000r\000e\000\040\000B\000o\000y\000\040\000b\000y\000\040\000R\000y\000a\000n\000\040\000H\000a\000m\000m\000o\000n\000d}{section.65.1}% 330
\BOOKMARK [2][-]{subsection.65.1.9}{\376\377\000W\000r\000i\000t\000e\000\040\000A\000w\000a\000y\000\040\000C\000o\000n\000c\000l\000u\000s\000i\000o\000n}{section.65.1}% 331
\BOOKMARK [1][-]{section.65.2}{\376\377\000C\000r\000e\000d\000i\000t\000s}{chapter.65}% 332
\BOOKMARK [0][-]{chapter.66}{\376\377\000W\000r\000i\000t\000e\000\040\000A\000w\000a\000y\000\040\0004}{}% 333
\BOOKMARK [1][-]{section.66.1}{\376\377\000T\000r\000a\000n\000s\000c\000r\000i\000p\000t\000i\000o\000n\000s}{chapter.66}% 334
\BOOKMARK [2][-]{subsection.66.1.1}{\376\377\000T\000h\000e\000\040\000F\000e\000a\000r\000l\000e\000s\000s\000\040\000L\000i\000o\000n\000\040\000b\000y\000\040\000D\000e\000s\000i\000r\000a\000e\000\040\000H\000e\000r\000n\000a\000n\000d\000e\000z}{section.66.1}% 335
\BOOKMARK [2][-]{subsection.66.1.2}{\376\377\000T\000h\000e\000\040\000E\000a\000r\000t\000h\000\040\000b\000y\000\040\000J\000a\000s\000m\000i\000n\000e\000\040\000W\000a\000l\000k\000e\000r}{section.66.1}% 336
\BOOKMARK [2][-]{subsection.66.1.3}{\376\377\000S\000u\000p\000e\000r\000s\000u\000r\000f\000\040\000b\000y\000\040\000J\000a\000m\000e\000s\000\040\000M\000u\000n\000g\000o}{section.66.1}% 337
\BOOKMARK [2][-]{subsection.66.1.4}{\376\377\000G\000o\000o\000d\000\040\000N\000i\000g\000h\000t\000\040\000t\000o\000\040\000A\000l\000l\000\040\000b\000y\000\040\000S\000t\000a\000c\000y\000\040\000W\000i\000n\000n}{section.66.1}% 338
\BOOKMARK [2][-]{subsection.66.1.5}{\376\377\000T\000h\000e\000\040\000T\000e\000s\000t\000\040\000b\000y\000\040\000B\000r\000a\000d\000\040\000S\000h\000e\000r\000w\000o\000o\000d}{section.66.1}% 339
\BOOKMARK [2][-]{subsection.66.1.6}{\376\377\000T\000h\000e\000\040\000S\000t\000o\000r\000m\000\040\000b\000y\000\040\000M\000a\000r\000k\000\040\000H\000e\000r\000m\000a\000n}{section.66.1}% 340
\BOOKMARK [2][-]{subsection.66.1.7}{\376\377\000T\000h\000e\000\040\000D\000a\000n\000c\000i\000n\000g\000\040\000P\000r\000i\000n\000c\000e\000s\000s\000\040\000b\000y\000\040\000T\000a\000r\000a\000\040\000B\000r\000e\000c\000h\000u\000n}{section.66.1}% 341
\BOOKMARK [2][-]{subsection.66.1.8}{\376\377\000A\000t\000t\000a\000c\000k\000\040\000o\000f\000\040\000t\000h\000e\000\040\000N\000i\000n\000j\000a\000\040\000J\000u\000n\000k\000f\000o\000o\000d\000\040\000b\000y\000\040\000C\000o\000l\000i\000n\000\040\000D\000e\000v\000a\000n\000e}{section.66.1}% 342
\BOOKMARK [2][-]{subsection.66.1.9}{\376\377\000W\000r\000i\000t\000e\000\040\000A\000w\000a\000y\000\040\000C\000o\000n\000c\000l\000u\000s\000i\000o\000n}{section.66.1}% 343
\BOOKMARK [1][-]{section.66.2}{\376\377\000C\000r\000e\000d\000i\000t\000s}{chapter.66}% 344
\BOOKMARK [0][-]{chapter.67}{\376\377\000W\000r\000i\000t\000e\000\040\000A\000w\000a\000y\000\040\0005}{}% 345
\BOOKMARK [1][-]{section.67.1}{\376\377\000T\000r\000a\000n\000s\000c\000r\000i\000p\000t\000i\000o\000n\000s}{chapter.67}% 346
\BOOKMARK [2][-]{subsection.67.1.1}{\376\377\000T\000h\000e\000\040\000L\000o\000s\000t\000\040\000B\000e\000a\000r\000\040\000b\000y\000\040\000A\000n\000n\000a\000\040\000C\000a\000s\000c\000i\000a\000r\000i}{section.67.1}% 347
\BOOKMARK [2][-]{subsection.67.1.2}{\376\377\000A\000\040\000D\000a\000y\000\040\000i\000n\000\040\000t\000h\000e\000\040\000L\000i\000f\000e\000\040\000o\000f\000\040\000a\000\040\000P\000i\000o\000n\000e\000e\000r\000\040\000b\000y\000\040\000K\000a\000t\000i\000e\000\040\000S\000t\000a\000l\000l}{section.67.1}% 348
\BOOKMARK [2][-]{subsection.67.1.3}{\376\377\000T\000h\000e\000\040\000P\000e\000t\000s\000\040\000b\000y\000\040\000M\000a\000r\000k\000\040\000C\000e\000r\000v\000e\000r\000o\000\040\000a\000n\000d\000\040\000C\000o\000r\000y\000\040\000K\000e\000e\000l\000e\000r}{section.67.1}% 349
\BOOKMARK [2][-]{subsection.67.1.4}{\376\377\000T\000h\000e\000\040\000D\000r\000e\000a\000m\000\040\000b\000y\000\040\000E\000r\000i\000k\000a\000\040\000B\000a\000s\000s\000a\000r\000a\000b\000a}{section.67.1}% 350
\BOOKMARK [2][-]{subsection.67.1.5}{\376\377\000B\000a\000s\000e\000b\000a\000l\000l\000\040\000b\000y\000\040\000D\000o\000u\000g\000\040\000S\000h\000a\000f\000e\000r}{section.67.1}% 351
\BOOKMARK [2][-]{subsection.67.1.6}{\376\377\000T\000h\000e\000\040\000P\000i\000c\000k\000y\000\040\000P\000i\000r\000a\000t\000e\000s\000\040\000b\000y\000\040\000C\000a\000r\000y\000\040\000M\000c\000T\000u\000r\000k}{section.67.1}% 352
\BOOKMARK [2][-]{subsection.67.1.7}{\376\377\000T\000h\000e\000\040\000P\000r\000i\000n\000c\000e\000s\000s\000\040\000b\000y\000\040\000J\000e\000n\000a\000e\000\040\000S\000m\000i\000t\000h}{section.67.1}% 353
\BOOKMARK [2][-]{subsection.67.1.8}{\376\377\000T\000h\000e\000\040\000T\000r\000e\000e\000\040\000H\000o\000u\000s\000e\000\040\000b\000y\000\040\000F\000r\000a\000n\000k\000\040\000W\000e\000a\000r}{section.67.1}% 354
\BOOKMARK [2][-]{subsection.67.1.9}{\376\377\000W\000r\000i\000t\000e\000\040\000A\000w\000a\000y\000\040\000C\000o\000n\000c\000l\000u\000s\000i\000o\000n}{section.67.1}% 355
\BOOKMARK [1][-]{section.67.2}{\376\377\000C\000r\000e\000d\000i\000t\000s}{chapter.67}% 356
\BOOKMARK [0][-]{chapter.68}{\376\377\000W\000r\000i\000t\000e\000\040\000A\000w\000a\000y\000\040\0006}{}% 357
\BOOKMARK [1][-]{section.68.1}{\376\377\000T\000r\000a\000n\000s\000c\000r\000i\000p\000t\000i\000o\000n\000s}{chapter.68}% 358
\BOOKMARK [2][-]{subsection.68.1.1}{\376\377\000T\000h\000e\000\040\000V\000u\000l\000t\000u\000r\000e\000\040\000i\000n\000\040\000t\000h\000e\000\040\000C\000a\000g\000e\000\040\000b\000y\000\040\000A\000n\000t\000h\000o\000n\000y\000\040\000C\000h\000a\000p\000p\000a\000r\000o\000n\000e}{section.68.1}% 359
\BOOKMARK [2][-]{subsection.68.1.2}{\376\377\000M\000y\000\040\000F\000r\000i\000e\000n\000d\000\040\000J\000o\000h\000n\000n\000y\000\040\000A\000p\000p\000l\000e\000s\000e\000d\000\040\000b\000y\000\040\000M\000a\000t\000t\000h\000e\000w\000\040\000B\000a\000r\000k\000e\000l\000e\000w\000\040\000a\000n\000d\000\040\000J\000a\000r\000r\000a\000d\000\040\000C\000o\000l\000e}{section.68.1}% 360
\BOOKMARK [2][-]{subsection.68.1.3}{\376\377\000T\000h\000e\000\040\000B\000a\000b\000y\000'\000s\000\040\000B\000i\000r\000t\000h\000d\000a\000y\000\040\000P\000a\000r\000t\000y\000\040\000b\000y\000\040\000D\000e\000s\000i\000r\000e\000e\000\040\000F\000u\000l\000l\000e\000r}{section.68.1}% 361
\BOOKMARK [2][-]{subsection.68.1.4}{\376\377\000T\000h\000e\000\040\000W\000e\000i\000r\000d\000\040\000D\000r\000e\000a\000m\000\040\000b\000y\000\040\000C\000h\000r\000i\000s\000t\000i\000a\000n\000\040\000H\000a\000n\000a\000b\000e\000r\000g\000h}{section.68.1}% 362
\BOOKMARK [2][-]{subsection.68.1.5}{\376\377\000M\000y\000\040\000S\000i\000s\000t\000e\000r\000\040\000A\000t\000e\000\040\000M\000y\000\040\000H\000o\000m\000e\000w\000o\000r\000k\000\040\000b\000y\000\040\000B\000e\000n\000\040\000P\000o\000w\000e\000l\000l}{section.68.1}% 363
\BOOKMARK [2][-]{subsection.68.1.6}{\376\377\000A\000\040\000M\000a\000n\000\040\000N\000a\000m\000e\000d\000\040\000R\000a\000j\000a\000\040\000b\000y\000\040\000A\000l\000b\000e\000r\000t\000\040\000O\000r\000t\000i\000z}{section.68.1}% 364
\BOOKMARK [2][-]{subsection.68.1.7}{\376\377\000W\000h\000y\000\040\000P\000e\000o\000p\000l\000e\000\040\000D\000o\000n\000'\000t\000\040\000G\000o\000\040\000t\000o\000\040\000t\000h\000e\000\040\000C\000e\000m\000e\000t\000a\000r\000y\000\040\000a\000t\000\040\000N\000i\000g\000h\000t\000\040\000b\000y\000\040\000A\000l\000i\000s\000o\000n\000\040\000H\000e\000l\000l\000e\000r}{section.68.1}% 365
\BOOKMARK [2][-]{subsection.68.1.8}{\376\377\000T\000h\000e\000\040\000I\000n\000v\000e\000n\000t\000i\000o\000n\000\040\000b\000y\000\040\000J\000a\000r\000e\000d\000\040\000B\000o\000w\000l\000e\000s}{section.68.1}% 366
\BOOKMARK [2][-]{subsection.68.1.9}{\376\377\000W\000r\000i\000t\000e\000\040\000A\000w\000a\000y\000\040\000C\000o\000n\000c\000l\000u\000s\000i\000o\000n}{section.68.1}% 367
\BOOKMARK [1][-]{section.68.2}{\376\377\000C\000r\000e\000d\000i\000t\000s}{chapter.68}% 368
\BOOKMARK [0][-]{chapter.69}{\376\377\000W\000r\000i\000t\000e\000\040\000A\000w\000a\000y\000\040\0007}{}% 369
\BOOKMARK [1][-]{section.69.1}{\376\377\000T\000r\000a\000n\000s\000c\000r\000i\000p\000t\000i\000o\000n\000s}{chapter.69}% 370
\BOOKMARK [2][-]{subsection.69.1.1}{\376\377\000T\000h\000e\000\040\000B\000o\000y\000\040\000L\000e\000f\000t\000\040\000O\000u\000t\000\040\000b\000y\000\040\000J\000a\000c\000k\000\040\000L\000e\000e}{section.69.1}% 371
\BOOKMARK [2][-]{subsection.69.1.2}{\376\377\000N\000a\000m\000e\000\040\000P\000o\000e\000m\000\040\000b\000y\000\040\000S\000a\000m\000i\000r\000\040\000H\000u\000s\000s\000a\000i\000n}{section.69.1}% 372
\BOOKMARK [2][-]{subsection.69.1.3}{\376\377\000A\000\040\000T\000r\000e\000a\000s\000u\000r\000e\000\040\000H\000u\000n\000t\000\040\000b\000y\000\040\000C\000a\000r\000l\000e\000y\000\040\000M\000o\000o\000r\000e\000\040\000\046\000\040\000A\000b\000b\000y\000\040\000M\000a\000t\000h\000i\000s}{section.69.1}% 373
\BOOKMARK [2][-]{subsection.69.1.4}{\376\377\000T\000h\000e\000\040\000D\000a\000y\000\040\000P\000r\000e\000s\000i\000d\000e\000n\000t\000\040\000C\000l\000i\000n\000t\000o\000n\000\040\000C\000a\000m\000e\000\040\000t\000o\000\040\000O\000u\000r\000\040\000S\000c\000h\000o\000o\000l\000\040\000b\000y\000\040\000S\000a\000r\000a\000\040\000M\000i\000l\000t\000o\000n}{section.69.1}% 374
\BOOKMARK [2][-]{subsection.69.1.5}{\376\377\000A\000l\000i\000c\000e\000\040\000i\000n\000\040\000H\000a\000l\000l\000o\000w\000e\000e\000n\000\040\000L\000a\000n\000d\000\040\000b\000y\000\040\000J\000a\000s\000m\000i\000n\000e\000\040\000K\000h\000a\000n\000\040\000\046\000\040\000H\000u\000g\000h\000\040\000K\000e\000n\000n\000e\000d\000y}{section.69.1}% 375
\BOOKMARK [2][-]{subsection.69.1.6}{\376\377\000A\000\040\000W\000h\000a\000l\000e\000\040\000S\000p\000e\000a\000k\000s\000\040\000b\000y\000\040\000W\000i\000l\000l\000i\000a\000m\000\040\000B\000u\000r\000k\000e}{section.69.1}% 376
\BOOKMARK [2][-]{subsection.69.1.7}{\376\377\000D\000r\000e\000a\000m\000i\000n\000g\000\040\000o\000n\000\040\000S\000k\000a\000t\000e\000s\000\040\000b\000y\000\040\000D\000a\000r\000l\000a\000\040\000G\000a\000r\000c\000i\000a}{section.69.1}% 377
\BOOKMARK [2][-]{subsection.69.1.8}{\376\377\000D\000a\000n\000g\000e\000r\000o\000u\000s\000\040\000S\000u\000r\000f\000i\000n\000g\000\040\000V\000e\000g\000g\000i\000e\000s\000\040\000b\000y\000\040\000M\000i\000c\000h\000a\000e\000l\000\040\000C\000l\000a\000y\000t\000o\000n}{section.69.1}% 378
\BOOKMARK [2][-]{subsection.69.1.9}{\376\377\000W\000r\000i\000t\000e\000\040\000A\000w\000a\000y\000\040\000C\000o\000n\000c\000l\000u\000s\000i\000o\000n}{section.69.1}% 379
\BOOKMARK [1][-]{section.69.2}{\376\377\000C\000r\000e\000d\000i\000t\000s}{chapter.69}% 380
\BOOKMARK [0][-]{chapter.70}{\376\377\000W\000r\000i\000t\000e\000\040\000A\000w\000a\000y\000\040\0008}{}% 381
\BOOKMARK [1][-]{section.70.1}{\376\377\000T\000r\000a\000n\000s\000c\000r\000i\000p\000t\000i\000o\000n\000s}{chapter.70}% 382
\BOOKMARK [2][-]{subsection.70.1.1}{\376\377\000T\000r\000a\000c\000k\000s\000\040\000i\000n\000\040\000t\000h\000e\000\040\000S\000n\000o\000w\000\040\000b\000y\000\040\000M\000a\000r\000c\000i\000\040\000R\000i\000v\000e\000r\000a}{section.70.1}% 383
\BOOKMARK [2][-]{subsection.70.1.2}{\376\377\000T\000h\000e\000\040\000M\000a\000g\000i\000c\000\040\000R\000i\000n\000g\000\040\000b\000y\000\040\000A\000i\000m\000e\000e\000\040\000L\000e\000w\000i\000s\000\040\000\046\000\040\000N\000i\000c\000h\000o\000l\000e\000\040\000P\000o\000t\000t\000s}{section.70.1}% 384
\BOOKMARK [2][-]{subsection.70.1.3}{\376\377\000A\000\040\000Y\000o\000u\000n\000g\000\040\000W\000o\000m\000a\000n\000\040\000N\000a\000m\000e\000d\000\040\000H\000a\000r\000r\000i\000s\000\040\000b\000y\000\040\000A\000s\000h\000l\000e\000e\000\040\000D\000u\000g\000g\000e\000r}{section.70.1}% 385
\BOOKMARK [2][-]{subsection.70.1.4}{\376\377\000M\000y\000\040\000F\000u\000n\000n\000y\000\040\000F\000r\000i\000e\000n\000d\000\040\000\046\000\040\000M\000y\000\040\000S\000p\000e\000c\000i\000a\000l\000\040\000C\000o\000u\000s\000i\000n\000\040\000b\000y\000\040\000J\000e\000r\000e\000m\000y\000\040\000B\000e\000g\000a\000y\000\040\000\046\000\040\000J\000u\000l\000i\000u\000s\000\040\000M\000a\000r\000t\000i\000n\000e\000z}{section.70.1}% 386
\BOOKMARK [2][-]{subsection.70.1.5}{\376\377\000T\000h\000e\000\040\000C\000a\000s\000t\000l\000e\000\040\000b\000y\000\040\000M\000a\000t\000t\000\040\000M\000a\000n\000n\000i\000n\000g}{section.70.1}% 387
\BOOKMARK [2][-]{subsection.70.1.6}{\376\377\000O\000u\000r\000\040\000S\000c\000h\000o\000o\000l\000\040\000C\000o\000m\000m\000u\000n\000i\000t\000y\000\040\000b\000y\000\040\000S\000a\000r\000a\000h\000\040\000T\000a\000v\000a\000r\000e\000z}{section.70.1}% 388
\BOOKMARK [2][-]{subsection.70.1.7}{\376\377\000B\000e\000s\000t\000\040\000F\000r\000i\000e\000n\000d\000s\000\040\000b\000y\000\040\000M\000a\000d\000i\000a\000t\000a\000\040\000M\000e\000s\000s\000o}{section.70.1}% 389
\BOOKMARK [2][-]{subsection.70.1.8}{\376\377\000W\000r\000i\000t\000e\000\040\000A\000w\000a\000y\000\040\000C\000o\000n\000c\000l\000u\000s\000i\000o\000n}{section.70.1}% 390
\BOOKMARK [1][-]{section.70.2}{\376\377\000C\000r\000e\000d\000i\000t\000s}{chapter.70}% 391
\BOOKMARK [0][-]{chapter.71}{\376\377\000W\000r\000i\000t\000e\000\040\000A\000w\000a\000y\000\040\0009}{}% 392
\BOOKMARK [1][-]{section.71.1}{\376\377\000T\000r\000a\000n\000s\000c\000r\000i\000p\000t\000i\000o\000n\000s}{chapter.71}% 393
\BOOKMARK [2][-]{subsection.71.1.1}{\376\377\000T\000h\000e\000\040\000M\000a\000c\000M\000i\000l\000l\000a\000i\000n\000\040\000M\000i\000x\000u\000p\000\040\000b\000y\000\040\000T\000o\000r\000r\000i\000\040\000N\000e\000w\000m\000a\000n}{section.71.1}% 394
\BOOKMARK [2][-]{subsection.71.1.2}{\376\377\000A\000\040\000D\000r\000a\000g\000o\000n\000\040\000b\000y\000\040\000E\000r\000i\000k\000a\000l\000y\000n\000\040\000B\000a\000s\000s\000a\000r\000a\000b\000a}{section.71.1}% 395
\BOOKMARK [2][-]{subsection.71.1.3}{\376\377\000F\000r\000i\000e\000n\000d\000s\000h\000i\000p\000\040\000b\000y\000\040\000C\000a\000n\000d\000a\000c\000e\000\040\000T\000a\000y\000l\000o\000r}{section.71.1}% 396
\BOOKMARK [2][-]{subsection.71.1.4}{\376\377\000T\000h\000e\000\040\000P\000i\000r\000a\000t\000e\000s\000\040\000f\000r\000o\000m\000\040\000C\000i\000n\000n\000a\000b\000a\000r\000\040\000b\000y\000\040\000R\000.\000\040\000P\000e\000c\000k\000h\000a\000m\000,\000\040\000S\000.\000\040\000S\000e\000n\000g\000u\000p\000t\000a\000,\000\040\000H\000.\000\040\000K\000r\000a\000m\000e\000k\000\040\000a\000n\000d\000\040\000T\000.\000\040\000L\000a\000J\000o\000i\000e}{section.71.1}% 397
\BOOKMARK [2][-]{subsection.71.1.5}{\376\377\000J\000o\000u\000r\000n\000e\000y\000\040\000t\000o\000\040\000t\000h\000e\000\040\000C\000e\000n\000t\000r\000e\000\040\000o\000f\000\040\000t\000h\000e\000\040\000E\000a\000r\000t\000h\000\040\000b\000y\000\040\000T\000r\000a\000n\000e\000t\000t\000e\000\040\000B\000r\000u\000n\000s\000o\000n}{section.71.1}% 398
\BOOKMARK [2][-]{subsection.71.1.6}{\376\377\000M\000y\000\040\000H\000u\000s\000k\000y\000\040\000D\000o\000g\000\040\000M\000y\000\040\000G\000o\000o\000d\000\040\000C\000a\000t\000\040\000b\000y\000\040\000A\000m\000i\000\040\000B\000e\000n\000i\000t\000e\000z\000\040\000a\000n\000d\000\040\000S\000h\000a\000u\000n\000\040\000S\000e\000u\000m\000p\000t\000e\000w\000a}{section.71.1}% 399
\BOOKMARK [2][-]{subsection.71.1.7}{\376\377\000T\000h\000e\000\040\000L\000o\000s\000t\000\040\000B\000o\000y\000\040\000b\000y\000\040\000M\000i\000c\000h\000a\000e\000l\000\040\000S\000i\000n\000g\000l\000e\000t\000a\000r\000y}{section.71.1}% 400
\BOOKMARK [2][-]{subsection.71.1.8}{\376\377\000W\000r\000i\000t\000e\000\040\000A\000w\000a\000y\000\040\000C\000o\000n\000c\000l\000u\000s\000i\000o\000n}{section.71.1}% 401
\BOOKMARK [1][-]{section.71.2}{\376\377\000C\000r\000e\000d\000i\000t\000s}{chapter.71}% 402
\BOOKMARK [0][-]{chapter.72}{\376\377\000W\000r\000i\000t\000e\000\040\000A\000w\000a\000y\000\040\0001\0000}{}% 403
\BOOKMARK [1][-]{section.72.1}{\376\377\000T\000r\000a\000n\000s\000c\000r\000i\000p\000t\000i\000o\000n\000s}{chapter.72}% 404
\BOOKMARK [2][-]{subsection.72.1.1}{\376\377\000T\000h\000e\000\040\000S\000l\000e\000i\000g\000h\000\040\000R\000i\000d\000e\000\040\000b\000y\000\040\000A\000n\000g\000e\000l\000a\000\040\000D\000i\000b\000e\000l\000l\000a}{section.72.1}% 405
\BOOKMARK [2][-]{subsection.72.1.2}{\376\377\000T\000h\000e\000\040\000T\000h\000i\000n\000g\000\040\000i\000n\000\040\000t\000h\000e\000\040\000G\000y\000m\000\040\000b\000y\000\040\000J\000e\000n\000n\000i\000f\000e\000r\000\040\000W\000i\000s\000d\000o\000n}{section.72.1}% 406
\BOOKMARK [2][-]{subsection.72.1.3}{\376\377\000M\000y\000\040\000M\000o\000m\000\040\000b\000y\000\040\000G\000a\000r\000r\000i\000c\000k\000\040\000B\000e\000n\000a\000l\000l\000y}{section.72.1}% 407
\BOOKMARK [2][-]{subsection.72.1.4}{\376\377\000T\000h\000e\000\040\000T\000i\000m\000e\000\040\000W\000a\000r\000p\000\040\000b\000y\000\040\000A\000s\000h\000l\000e\000y\000\040\000H\000u\000d\000s\000p\000e\000t\000h}{section.72.1}% 408
\BOOKMARK [2][-]{subsection.72.1.5}{\376\377\000T\000h\000e\000\040\000Y\000o\000u\000n\000g\000\040\000M\000a\000n\000\040\000f\000r\000o\000m\000\040\000C\000h\000i\000l\000e\000\040\000b\000y\000\040\000R\000o\000g\000e\000l\000i\000o\000\040\000O\000r\000t\000e\000g\000a}{section.72.1}% 409
\BOOKMARK [2][-]{subsection.72.1.6}{\376\377\000T\000h\000e\000\040\000A\000p\000p\000l\000e\000\040\000b\000y\000\040\000C\000o\000u\000r\000t\000n\000e\000y\000\040\000M\000o\000r\000r\000i\000s}{section.72.1}% 410
\BOOKMARK [2][-]{subsection.72.1.7}{\376\377\000I\000\040\000C\000a\000n\000'\000t\000\040\000W\000a\000i\000t\000\040\000t\000o\000\040\000P\000l\000a\000y\000\040\000b\000y\000\040\000K\000r\000i\000s\000t\000i\000\040\000C\000h\000i\000t\000w\000o\000o\000d}{section.72.1}% 411
\BOOKMARK [2][-]{subsection.72.1.8}{\376\377\000T\000h\000e\000\040\000S\000e\000a\000\040\000M\000o\000n\000s\000t\000e\000r\000\040\000i\000n\000\040\000E\000l\000e\000p\000h\000a\000n\000t\000\040\000B\000u\000t\000t\000e\000\040\000b\000y\000\040\000V\000a\000n\000e\000s\000s\000a\000\040\000M\000a\000e\000s\000s\000e}{section.72.1}% 412
\BOOKMARK [2][-]{subsection.72.1.9}{\376\377\000W\000r\000i\000t\000e\000\040\000A\000w\000a\000y\000\040\000C\000o\000n\000c\000l\000u\000s\000i\000o\000n}{section.72.1}% 413
\BOOKMARK [1][-]{section.72.2}{\376\377\000C\000r\000e\000d\000i\000t\000s}{chapter.72}% 414
